[0.012s] Invoking command in '/home/anish/your_robot_ws/build/wd_lift_robot': CMAKE_PREFIX_PATH=${CMAKE_PREFIX_PATH}:/opt/ros/humble /usr/bin/cmake --build /home/anish/your_robot_ws/build/wd_lift_robot -- -j16 -l16
[0.090s] Built target ament_cmake_python_symlink_wd_lift_robot
[0.311s] running egg_info
[0.311s] writing wd_lift_robot.egg-info/PKG-INFO
[0.311s] writing dependency_links to wd_lift_robot.egg-info/dependency_links.txt
[0.311s] writing top-level names to wd_lift_robot.egg-info/top_level.txt
[0.313s] reading manifest file 'wd_lift_robot.egg-info/SOURCES.txt'
[0.314s] writing manifest file 'wd_lift_robot.egg-info/SOURCES.txt'
[0.346s] Built target ament_cmake_python_build_wd_lift_robot_egg
[0.362s] Invoked command in '/home/anish/your_robot_ws/build/wd_lift_robot' returned '0': CMAKE_PREFIX_PATH=${CMAKE_PREFIX_PATH}:/opt/ros/humble /usr/bin/cmake --build /home/anish/your_robot_ws/build/wd_lift_robot -- -j16 -l16
[0.378s] Invoking command in '/home/anish/your_robot_ws/build/wd_lift_robot': CMAKE_PREFIX_PATH=${CMAKE_PREFIX_PATH}:/opt/ros/humble /usr/bin/cmake --install /home/anish/your_robot_ws/build/wd_lift_robot
[0.390s] -- Install configuration: ""
[0.391s] -- Execute custom install script
[0.391s] -- Up-to-date symlink: /home/anish/your_robot_ws/install/wd_lift_robot/share/wd_lift_robot/environment/pythonpath.sh
[0.391s] -- Up-to-date symlink: /home/anish/your_robot_ws/install/wd_lift_robot/share/wd_lift_robot/environment/pythonpath.dsv
[0.391s] -- Up-to-date symlink: /home/anish/your_robot_ws/install/wd_lift_robot/local/lib/python3.10/dist-packages/wd_lift_robot-0.0.0-py3.10.egg-info/PKG-INFO
[0.391s] -- Up-to-date symlink: /home/anish/your_robot_ws/install/wd_lift_robot/local/lib/python3.10/dist-packages/wd_lift_robot-0.0.0-py3.10.egg-info/SOURCES.txt
[0.392s] -- Up-to-date symlink: /home/anish/your_robot_ws/install/wd_lift_robot/local/lib/python3.10/dist-packages/wd_lift_robot-0.0.0-py3.10.egg-info/dependency_links.txt
[0.392s] -- Up-to-date symlink: /home/anish/your_robot_ws/install/wd_lift_robot/local/lib/python3.10/dist-packages/wd_lift_robot-0.0.0-py3.10.egg-info/top_level.txt
[0.392s] -- Up-to-date symlink: /home/anish/your_robot_ws/install/wd_lift_robot/local/lib/python3.10/dist-packages/wd_lift_robot/__init__.py
[0.392s] -- Up-to-date symlink: /home/anish/your_robot_ws/install/wd_lift_robot/local/lib/python3.10/dist-packages/wd_lift_robot/simple_teleop_node.py
[0.392s] -- Up-to-date symlink: /home/anish/your_robot_ws/install/wd_lift_robot/local/lib/python3.10/dist-packages/wd_lift_robot/teleop_node.py
[0.392s] -- Up-to-date symlink: /home/anish/your_robot_ws/install/wd_lift_robot/lib/wd_lift_robot/teleop_node.py
[0.392s] -- Up-to-date symlink: /home/anish/your_robot_ws/install/wd_lift_robot/share/wd_lift_robot//launch/complete_robot.launch.py
[0.393s] -- Up-to-date symlink: /home/anish/your_robot_ws/install/wd_lift_robot/share/wd_lift_robot//launch/gazebo.launch.py
[0.393s] -- Up-to-date symlink: /home/anish/your_robot_ws/install/wd_lift_robot/share/wd_lift_robot//launch/navigation.launch.py
[0.393s] -- Up-to-date symlink: /home/anish/your_robot_ws/install/wd_lift_robot/share/wd_lift_robot//launch/robot_state_publisher.launch.py
[0.393s] -- Up-to-date symlink: /home/anish/your_robot_ws/install/wd_lift_robot/share/wd_lift_robot//launch/slam.launch.py
[0.393s] -- Up-to-date symlink: /home/anish/your_robot_ws/install/wd_lift_robot/share/wd_lift_robot//config/cartographer.lua
[0.393s] -- Up-to-date symlink: /home/anish/your_robot_ws/install/wd_lift_robot/share/wd_lift_robot//config/controllers.yaml
[0.393s] -- Up-to-date symlink: /home/anish/your_robot_ws/install/wd_lift_robot/share/wd_lift_robot//config/nav2_params.yaml
[0.393s] -- Up-to-date symlink: /home/anish/your_robot_ws/install/wd_lift_robot/share/wd_lift_robot//config/robot_view.rviz
[0.393s] -- Up-to-date symlink: /home/anish/your_robot_ws/install/wd_lift_robot/share/wd_lift_robot//config/slam_toolbox_params.yaml
[0.394s] -- Up-to-date symlink: /home/anish/your_robot_ws/install/wd_lift_robot/share/wd_lift_robot//urdf/robot.urdf.xacro
[0.403s] -- Symlinking: /home/anish/your_robot_ws/install/wd_lift_robot/share/wd_lift_robot//worlds/maps/turtlebot3_waffle_pi/map.pgm
[0.416s] -- Symlinking: /home/anish/your_robot_ws/install/wd_lift_robot/share/wd_lift_robot//worlds/maps/turtlebot3_waffle_pi/map.yaml
[0.432s] -- Symlinking: /home/anish/your_robot_ws/install/wd_lift_robot/share/wd_lift_robot//worlds/models/.DS_Store
[0.446s] -- Symlinking: /home/anish/your_robot_ws/install/wd_lift_robot/share/wd_lift_robot//worlds/models/aws_robomaker_residential_AirconditionerA_01/materials/textures/aws_AirconditionerA_01.png
[0.459s] -- Symlinking: /home/anish/your_robot_ws/install/wd_lift_robot/share/wd_lift_robot//worlds/models/aws_robomaker_residential_AirconditionerA_01/meshes/aws_AirconditionerA_01_collision.DAE
[0.473s] -- Symlinking: /home/anish/your_robot_ws/install/wd_lift_robot/share/wd_lift_robot//worlds/models/aws_robomaker_residential_AirconditionerA_01/meshes/aws_AirconditionerA_01_visual.DAE
[0.485s] -- Symlinking: /home/anish/your_robot_ws/install/wd_lift_robot/share/wd_lift_robot//worlds/models/aws_robomaker_residential_AirconditionerA_01/meshes/aws__Air conditioner_01.DAE
[0.496s] -- Symlinking: /home/anish/your_robot_ws/install/wd_lift_robot/share/wd_lift_robot//worlds/models/aws_robomaker_residential_AirconditionerA_01/model.config
[0.505s] -- Symlinking: /home/anish/your_robot_ws/install/wd_lift_robot/share/wd_lift_robot//worlds/models/aws_robomaker_residential_AirconditionerA_01/model.sdf
[0.513s] -- Symlinking: /home/anish/your_robot_ws/install/wd_lift_robot/share/wd_lift_robot//worlds/models/aws_robomaker_residential_AirconditionerB_01/materials/textures/aws_AirconditionerB_01.png
[0.521s] -- Symlinking: /home/anish/your_robot_ws/install/wd_lift_robot/share/wd_lift_robot//worlds/models/aws_robomaker_residential_AirconditionerB_01/meshes/aws_AirconditionerB_01_collision.DAE
[0.530s] -- Symlinking: /home/anish/your_robot_ws/install/wd_lift_robot/share/wd_lift_robot//worlds/models/aws_robomaker_residential_AirconditionerB_01/meshes/aws_AirconditionerB_01_visual.DAE
[0.540s] -- Symlinking: /home/anish/your_robot_ws/install/wd_lift_robot/share/wd_lift_robot//worlds/models/aws_robomaker_residential_AirconditionerB_01/model.config
[0.549s] -- Symlinking: /home/anish/your_robot_ws/install/wd_lift_robot/share/wd_lift_robot//worlds/models/aws_robomaker_residential_AirconditionerB_01/model.sdf
[0.557s] -- Symlinking: /home/anish/your_robot_ws/install/wd_lift_robot/share/wd_lift_robot//worlds/models/aws_robomaker_residential_BalconyTable_01/materials/textures/aws_BalconyTable_01.png
[0.566s] -- Symlinking: /home/anish/your_robot_ws/install/wd_lift_robot/share/wd_lift_robot//worlds/models/aws_robomaker_residential_BalconyTable_01/meshes/aws_BalconyTable_01_collision.DAE
[0.575s] -- Symlinking: /home/anish/your_robot_ws/install/wd_lift_robot/share/wd_lift_robot//worlds/models/aws_robomaker_residential_BalconyTable_01/meshes/aws_BalconyTable_01_visual.DAE
[0.584s] -- Symlinking: /home/anish/your_robot_ws/install/wd_lift_robot/share/wd_lift_robot//worlds/models/aws_robomaker_residential_BalconyTable_01/model.config
[0.593s] -- Symlinking: /home/anish/your_robot_ws/install/wd_lift_robot/share/wd_lift_robot//worlds/models/aws_robomaker_residential_BalconyTable_01/model.sdf
[0.604s] -- Symlinking: /home/anish/your_robot_ws/install/wd_lift_robot/share/wd_lift_robot//worlds/models/aws_robomaker_residential_Ball_01/materials/textures/aws_Ball_01.png
[0.615s] -- Symlinking: /home/anish/your_robot_ws/install/wd_lift_robot/share/wd_lift_robot//worlds/models/aws_robomaker_residential_Ball_01/meshes/aws_Ball_01_collision.DAE
[0.625s] -- Symlinking: /home/anish/your_robot_ws/install/wd_lift_robot/share/wd_lift_robot//worlds/models/aws_robomaker_residential_Ball_01/meshes/aws_Ball_01_visual.DAE
[0.637s] -- Symlinking: /home/anish/your_robot_ws/install/wd_lift_robot/share/wd_lift_robot//worlds/models/aws_robomaker_residential_Ball_01/model.config
[0.647s] -- Symlinking: /home/anish/your_robot_ws/install/wd_lift_robot/share/wd_lift_robot//worlds/models/aws_robomaker_residential_Ball_01/model.sdf
[0.657s] -- Symlinking: /home/anish/your_robot_ws/install/wd_lift_robot/share/wd_lift_robot//worlds/models/aws_robomaker_residential_Bed_01/materials/textures/aws_BedA_01.png
[0.669s] -- Symlinking: /home/anish/your_robot_ws/install/wd_lift_robot/share/wd_lift_robot//worlds/models/aws_robomaker_residential_Bed_01/materials/textures/aws_BedB_01.png
[0.682s] -- Symlinking: /home/anish/your_robot_ws/install/wd_lift_robot/share/wd_lift_robot//worlds/models/aws_robomaker_residential_Bed_01/materials/textures/aws_BedC_01.png
[0.696s] -- Symlinking: /home/anish/your_robot_ws/install/wd_lift_robot/share/wd_lift_robot//worlds/models/aws_robomaker_residential_Bed_01/materials/textures/aws_Bed_01.png
[0.706s] -- Symlinking: /home/anish/your_robot_ws/install/wd_lift_robot/share/wd_lift_robot//worlds/models/aws_robomaker_residential_Bed_01/meshes/aws_Bed_01_collision.DAE
[0.715s] -- Symlinking: /home/anish/your_robot_ws/install/wd_lift_robot/share/wd_lift_robot//worlds/models/aws_robomaker_residential_Bed_01/meshes/aws_Bed_01_visual.DAE
[0.723s] -- Symlinking: /home/anish/your_robot_ws/install/wd_lift_robot/share/wd_lift_robot//worlds/models/aws_robomaker_residential_Bed_01/model.config
[0.731s] -- Symlinking: /home/anish/your_robot_ws/install/wd_lift_robot/share/wd_lift_robot//worlds/models/aws_robomaker_residential_Bed_01/model.sdf
[0.741s] -- Symlinking: /home/anish/your_robot_ws/install/wd_lift_robot/share/wd_lift_robot//worlds/models/aws_robomaker_residential_Board_01/materials/textures/aws_Board_01.png
[0.751s] -- Symlinking: /home/anish/your_robot_ws/install/wd_lift_robot/share/wd_lift_robot//worlds/models/aws_robomaker_residential_Board_01/meshes/aws_Board_01_collision.DAE
[0.760s] -- Symlinking: /home/anish/your_robot_ws/install/wd_lift_robot/share/wd_lift_robot//worlds/models/aws_robomaker_residential_Board_01/meshes/aws_Board_01_visual.DAE
[0.770s] -- Symlinking: /home/anish/your_robot_ws/install/wd_lift_robot/share/wd_lift_robot//worlds/models/aws_robomaker_residential_Board_01/model.config
[0.779s] -- Symlinking: /home/anish/your_robot_ws/install/wd_lift_robot/share/wd_lift_robot//worlds/models/aws_robomaker_residential_Board_01/model.sdf
[0.788s] -- Symlinking: /home/anish/your_robot_ws/install/wd_lift_robot/share/wd_lift_robot//worlds/models/aws_robomaker_residential_Carpet_01/materials/textures/aws_Carpet_01.png
[0.797s] -- Symlinking: /home/anish/your_robot_ws/install/wd_lift_robot/share/wd_lift_robot//worlds/models/aws_robomaker_residential_Carpet_01/meshes/aws_Carpet_01_collision.DAE
[0.806s] -- Symlinking: /home/anish/your_robot_ws/install/wd_lift_robot/share/wd_lift_robot//worlds/models/aws_robomaker_residential_Carpet_01/meshes/aws_Carpet_01_visual.DAE
[0.814s] -- Symlinking: /home/anish/your_robot_ws/install/wd_lift_robot/share/wd_lift_robot//worlds/models/aws_robomaker_residential_Carpet_01/model.config
[0.822s] -- Symlinking: /home/anish/your_robot_ws/install/wd_lift_robot/share/wd_lift_robot//worlds/models/aws_robomaker_residential_Carpet_01/model.sdf
[0.832s] -- Symlinking: /home/anish/your_robot_ws/install/wd_lift_robot/share/wd_lift_robot//worlds/models/aws_robomaker_residential_ChairA_01/materials/textures/aws_ChairA_01.png
[0.841s] -- Symlinking: /home/anish/your_robot_ws/install/wd_lift_robot/share/wd_lift_robot//worlds/models/aws_robomaker_residential_ChairA_01/meshes/aws_ChairA_01_collision.DAE
[0.850s] -- Symlinking: /home/anish/your_robot_ws/install/wd_lift_robot/share/wd_lift_robot//worlds/models/aws_robomaker_residential_ChairA_01/meshes/aws_ChairA_01_visual.DAE
[0.859s] -- Symlinking: /home/anish/your_robot_ws/install/wd_lift_robot/share/wd_lift_robot//worlds/models/aws_robomaker_residential_ChairA_01/model.config
[0.868s] -- Symlinking: /home/anish/your_robot_ws/install/wd_lift_robot/share/wd_lift_robot//worlds/models/aws_robomaker_residential_ChairA_01/model.sdf
[0.877s] -- Symlinking: /home/anish/your_robot_ws/install/wd_lift_robot/share/wd_lift_robot//worlds/models/aws_robomaker_residential_ChairD_01/materials/textures/aws_ChairD_01.png
[0.885s] -- Symlinking: /home/anish/your_robot_ws/install/wd_lift_robot/share/wd_lift_robot//worlds/models/aws_robomaker_residential_ChairD_01/meshes/aws_ChairD_01_collision.DAE
[0.893s] -- Symlinking: /home/anish/your_robot_ws/install/wd_lift_robot/share/wd_lift_robot//worlds/models/aws_robomaker_residential_ChairD_01/meshes/aws_ChairD_01_visual.DAE
[0.903s] -- Symlinking: /home/anish/your_robot_ws/install/wd_lift_robot/share/wd_lift_robot//worlds/models/aws_robomaker_residential_ChairD_01/model.config
[0.915s] -- Symlinking: /home/anish/your_robot_ws/install/wd_lift_robot/share/wd_lift_robot//worlds/models/aws_robomaker_residential_ChairD_01/model.sdf
[0.926s] -- Symlinking: /home/anish/your_robot_ws/install/wd_lift_robot/share/wd_lift_robot//worlds/models/aws_robomaker_residential_Chandelier_01/materials/textures/aws_Chandelier_01.png
[0.937s] -- Symlinking: /home/anish/your_robot_ws/install/wd_lift_robot/share/wd_lift_robot//worlds/models/aws_robomaker_residential_Chandelier_01/meshes/aws_Chandelier_01.DAE
[0.947s] -- Symlinking: /home/anish/your_robot_ws/install/wd_lift_robot/share/wd_lift_robot//worlds/models/aws_robomaker_residential_Chandelier_01/meshes/aws_Chandelier_01_collision.DAE
[0.957s] -- Symlinking: /home/anish/your_robot_ws/install/wd_lift_robot/share/wd_lift_robot//worlds/models/aws_robomaker_residential_Chandelier_01/meshes/aws_Chandelier_01_visual.DAE
[0.969s] -- Symlinking: /home/anish/your_robot_ws/install/wd_lift_robot/share/wd_lift_robot//worlds/models/aws_robomaker_residential_Chandelier_01/model.config
[0.980s] -- Symlinking: /home/anish/your_robot_ws/install/wd_lift_robot/share/wd_lift_robot//worlds/models/aws_robomaker_residential_Chandelier_01/model.sdf
[0.992s] -- Symlinking: /home/anish/your_robot_ws/install/wd_lift_robot/share/wd_lift_robot//worlds/models/aws_robomaker_residential_CoffeeTable_01/materials/textures/aws_CoffeeTable_01.png
[1.004s] -- Symlinking: /home/anish/your_robot_ws/install/wd_lift_robot/share/wd_lift_robot//worlds/models/aws_robomaker_residential_CoffeeTable_01/meshes/aws_CoffeeTable_01_collision.DAE
[1.017s] -- Symlinking: /home/anish/your_robot_ws/install/wd_lift_robot/share/wd_lift_robot//worlds/models/aws_robomaker_residential_CoffeeTable_01/meshes/aws_CoffeeTable_01_visual.DAE
[1.029s] -- Symlinking: /home/anish/your_robot_ws/install/wd_lift_robot/share/wd_lift_robot//worlds/models/aws_robomaker_residential_CoffeeTable_01/model.config
[1.042s] -- Symlinking: /home/anish/your_robot_ws/install/wd_lift_robot/share/wd_lift_robot//worlds/models/aws_robomaker_residential_CoffeeTable_01/model.sdf
[1.058s] -- Symlinking: /home/anish/your_robot_ws/install/wd_lift_robot/share/wd_lift_robot//worlds/models/aws_robomaker_residential_CookingBench_01/materials/textures/aws_CookingBench_01.png
[1.072s] -- Symlinking: /home/anish/your_robot_ws/install/wd_lift_robot/share/wd_lift_robot//worlds/models/aws_robomaker_residential_CookingBench_01/meshes/aws_CookingBench_01.DAE
[1.087s] -- Symlinking: /home/anish/your_robot_ws/install/wd_lift_robot/share/wd_lift_robot//worlds/models/aws_robomaker_residential_CookingBench_01/meshes/aws_CookingBench_01_collision.DAE
[1.102s] -- Symlinking: /home/anish/your_robot_ws/install/wd_lift_robot/share/wd_lift_robot//worlds/models/aws_robomaker_residential_CookingBench_01/meshes/aws_CookingBench_01_visual.DAE
[1.117s] -- Symlinking: /home/anish/your_robot_ws/install/wd_lift_robot/share/wd_lift_robot//worlds/models/aws_robomaker_residential_CookingBench_01/model.config
[1.130s] -- Symlinking: /home/anish/your_robot_ws/install/wd_lift_robot/share/wd_lift_robot//worlds/models/aws_robomaker_residential_CookingBench_01/model.sdf
[1.144s] -- Symlinking: /home/anish/your_robot_ws/install/wd_lift_robot/share/wd_lift_robot//worlds/models/aws_robomaker_residential_Curtain_01/materials/textures/aws_Curtain_01.png
[1.158s] -- Symlinking: /home/anish/your_robot_ws/install/wd_lift_robot/share/wd_lift_robot//worlds/models/aws_robomaker_residential_Curtain_01/meshes/aws_Curtain_01_collision.DAE
[1.172s] -- Symlinking: /home/anish/your_robot_ws/install/wd_lift_robot/share/wd_lift_robot//worlds/models/aws_robomaker_residential_Curtain_01/meshes/aws_Curtain_01_visual.DAE
[1.184s] -- Symlinking: /home/anish/your_robot_ws/install/wd_lift_robot/share/wd_lift_robot//worlds/models/aws_robomaker_residential_Curtain_01/model.config
[1.197s] -- Symlinking: /home/anish/your_robot_ws/install/wd_lift_robot/share/wd_lift_robot//worlds/models/aws_robomaker_residential_Curtain_01/model.sdf
[1.212s] -- Symlinking: /home/anish/your_robot_ws/install/wd_lift_robot/share/wd_lift_robot//worlds/models/aws_robomaker_residential_DeskPortraitA_01/materials/textures/aws_DeskPortraitA_01.png
[1.224s] -- Symlinking: /home/anish/your_robot_ws/install/wd_lift_robot/share/wd_lift_robot//worlds/models/aws_robomaker_residential_DeskPortraitA_01/materials/textures/aws_DeskPortraitA_02.png
[1.238s] -- Symlinking: /home/anish/your_robot_ws/install/wd_lift_robot/share/wd_lift_robot//worlds/models/aws_robomaker_residential_DeskPortraitA_01/meshes/aws_DeskPortraitA_01_collision.DAE
[1.251s] -- Symlinking: /home/anish/your_robot_ws/install/wd_lift_robot/share/wd_lift_robot//worlds/models/aws_robomaker_residential_DeskPortraitA_01/meshes/aws_DeskPortraitA_01_visual.DAE
[1.263s] -- Symlinking: /home/anish/your_robot_ws/install/wd_lift_robot/share/wd_lift_robot//worlds/models/aws_robomaker_residential_DeskPortraitA_01/model.config
[1.276s] -- Symlinking: /home/anish/your_robot_ws/install/wd_lift_robot/share/wd_lift_robot//worlds/models/aws_robomaker_residential_DeskPortraitA_01/model.sdf
[1.289s] -- Symlinking: /home/anish/your_robot_ws/install/wd_lift_robot/share/wd_lift_robot//worlds/models/aws_robomaker_residential_DeskPortraitA_02/materials/textures/aws_DeskPortraitA_01.png
[1.302s] -- Symlinking: /home/anish/your_robot_ws/install/wd_lift_robot/share/wd_lift_robot//worlds/models/aws_robomaker_residential_DeskPortraitA_02/materials/textures/aws_DeskPortraitA_02.png
[1.315s] -- Symlinking: /home/anish/your_robot_ws/install/wd_lift_robot/share/wd_lift_robot//worlds/models/aws_robomaker_residential_DeskPortraitA_02/meshes/aws_DeskPortraitA_01_collision.DAE
[1.329s] -- Symlinking: /home/anish/your_robot_ws/install/wd_lift_robot/share/wd_lift_robot//worlds/models/aws_robomaker_residential_DeskPortraitA_02/meshes/aws_DeskPortraitA_01_visual.DAE
[1.342s] -- Symlinking: /home/anish/your_robot_ws/install/wd_lift_robot/share/wd_lift_robot//worlds/models/aws_robomaker_residential_DeskPortraitA_02/model.config
[1.354s] -- Symlinking: /home/anish/your_robot_ws/install/wd_lift_robot/share/wd_lift_robot//worlds/models/aws_robomaker_residential_DeskPortraitA_02/model.sdf
[1.367s] -- Symlinking: /home/anish/your_robot_ws/install/wd_lift_robot/share/wd_lift_robot//worlds/models/aws_robomaker_residential_DeskPortraitB_01/materials/textures/aws_DeskPortraitB_01.png
[1.381s] -- Symlinking: /home/anish/your_robot_ws/install/wd_lift_robot/share/wd_lift_robot//worlds/models/aws_robomaker_residential_DeskPortraitB_01/materials/textures/aws_DeskPortraitB_02.png
[1.395s] -- Symlinking: /home/anish/your_robot_ws/install/wd_lift_robot/share/wd_lift_robot//worlds/models/aws_robomaker_residential_DeskPortraitB_01/meshes/aws_DeskPortraitB_01_collision.DAE
[1.406s] -- Symlinking: /home/anish/your_robot_ws/install/wd_lift_robot/share/wd_lift_robot//worlds/models/aws_robomaker_residential_DeskPortraitB_01/meshes/aws_DeskPortraitB_01_visual.DAE
[1.418s] -- Symlinking: /home/anish/your_robot_ws/install/wd_lift_robot/share/wd_lift_robot//worlds/models/aws_robomaker_residential_DeskPortraitB_01/model.config
[1.431s] -- Symlinking: /home/anish/your_robot_ws/install/wd_lift_robot/share/wd_lift_robot//worlds/models/aws_robomaker_residential_DeskPortraitB_01/model.sdf
[1.443s] -- Symlinking: /home/anish/your_robot_ws/install/wd_lift_robot/share/wd_lift_robot//worlds/models/aws_robomaker_residential_DeskPortraitB_02/materials/textures/aws_DeskPortraitB_01.png
[1.456s] -- Symlinking: /home/anish/your_robot_ws/install/wd_lift_robot/share/wd_lift_robot//worlds/models/aws_robomaker_residential_DeskPortraitB_02/materials/textures/aws_DeskPortraitB_02.png
[1.468s] -- Symlinking: /home/anish/your_robot_ws/install/wd_lift_robot/share/wd_lift_robot//worlds/models/aws_robomaker_residential_DeskPortraitB_02/meshes/aws_DeskPortraitB_01_collision.DAE
[1.481s] -- Symlinking: /home/anish/your_robot_ws/install/wd_lift_robot/share/wd_lift_robot//worlds/models/aws_robomaker_residential_DeskPortraitB_02/meshes/aws_DeskPortraitB_01_visual.DAE
[1.493s] -- Symlinking: /home/anish/your_robot_ws/install/wd_lift_robot/share/wd_lift_robot//worlds/models/aws_robomaker_residential_DeskPortraitB_02/model.config
[1.502s] -- Symlinking: /home/anish/your_robot_ws/install/wd_lift_robot/share/wd_lift_robot//worlds/models/aws_robomaker_residential_DeskPortraitB_02/model.sdf
[1.510s] -- Symlinking: /home/anish/your_robot_ws/install/wd_lift_robot/share/wd_lift_robot//worlds/models/aws_robomaker_residential_DeskPortraitC_01/materials/textures/aws_DeskPortraitC_01.png
[1.518s] -- Symlinking: /home/anish/your_robot_ws/install/wd_lift_robot/share/wd_lift_robot//worlds/models/aws_robomaker_residential_DeskPortraitC_01/materials/textures/aws_DeskPortraitC_02.png
[1.526s] -- Symlinking: /home/anish/your_robot_ws/install/wd_lift_robot/share/wd_lift_robot//worlds/models/aws_robomaker_residential_DeskPortraitC_01/meshes/aws_DeskPortraitC_01_collision.DAE
[1.535s] -- Symlinking: /home/anish/your_robot_ws/install/wd_lift_robot/share/wd_lift_robot//worlds/models/aws_robomaker_residential_DeskPortraitC_01/meshes/aws_DeskPortraitC_01_visual.DAE
[1.543s] -- Symlinking: /home/anish/your_robot_ws/install/wd_lift_robot/share/wd_lift_robot//worlds/models/aws_robomaker_residential_DeskPortraitC_01/model.config
[1.553s] -- Symlinking: /home/anish/your_robot_ws/install/wd_lift_robot/share/wd_lift_robot//worlds/models/aws_robomaker_residential_DeskPortraitC_01/model.sdf
[1.562s] -- Symlinking: /home/anish/your_robot_ws/install/wd_lift_robot/share/wd_lift_robot//worlds/models/aws_robomaker_residential_DeskPortraitC_02/materials/textures/aws_DeskPortraitC_01.png
[1.569s] -- Symlinking: /home/anish/your_robot_ws/install/wd_lift_robot/share/wd_lift_robot//worlds/models/aws_robomaker_residential_DeskPortraitC_02/materials/textures/aws_DeskPortraitC_02.png
[1.578s] -- Symlinking: /home/anish/your_robot_ws/install/wd_lift_robot/share/wd_lift_robot//worlds/models/aws_robomaker_residential_DeskPortraitC_02/meshes/aws_DeskPortraitC_01_collision.DAE
[1.586s] -- Symlinking: /home/anish/your_robot_ws/install/wd_lift_robot/share/wd_lift_robot//worlds/models/aws_robomaker_residential_DeskPortraitC_02/meshes/aws_DeskPortraitC_01_visual.DAE
[1.594s] -- Symlinking: /home/anish/your_robot_ws/install/wd_lift_robot/share/wd_lift_robot//worlds/models/aws_robomaker_residential_DeskPortraitC_02/model.config
[1.602s] -- Symlinking: /home/anish/your_robot_ws/install/wd_lift_robot/share/wd_lift_robot//worlds/models/aws_robomaker_residential_DeskPortraitC_02/model.sdf
[1.610s] -- Symlinking: /home/anish/your_robot_ws/install/wd_lift_robot/share/wd_lift_robot//worlds/models/aws_robomaker_residential_DeskPortraitD_01/materials/textures/aws_DeskPortraitD_01.png
[1.618s] -- Symlinking: /home/anish/your_robot_ws/install/wd_lift_robot/share/wd_lift_robot//worlds/models/aws_robomaker_residential_DeskPortraitD_01/materials/textures/aws_DeskPortraitD_02.png
[1.627s] -- Symlinking: /home/anish/your_robot_ws/install/wd_lift_robot/share/wd_lift_robot//worlds/models/aws_robomaker_residential_DeskPortraitD_01/meshes/aws_DeskPortraitD_01_collision.DAE
[1.635s] -- Symlinking: /home/anish/your_robot_ws/install/wd_lift_robot/share/wd_lift_robot//worlds/models/aws_robomaker_residential_DeskPortraitD_01/meshes/aws_DeskPortraitD_01_visual.DAE
[1.643s] -- Symlinking: /home/anish/your_robot_ws/install/wd_lift_robot/share/wd_lift_robot//worlds/models/aws_robomaker_residential_DeskPortraitD_01/model.config
[1.650s] -- Symlinking: /home/anish/your_robot_ws/install/wd_lift_robot/share/wd_lift_robot//worlds/models/aws_robomaker_residential_DeskPortraitD_01/model.sdf
[1.658s] -- Symlinking: /home/anish/your_robot_ws/install/wd_lift_robot/share/wd_lift_robot//worlds/models/aws_robomaker_residential_DeskPortraitD_02/materials/textures/aws_DeskPortraitD_01.png
[1.666s] -- Symlinking: /home/anish/your_robot_ws/install/wd_lift_robot/share/wd_lift_robot//worlds/models/aws_robomaker_residential_DeskPortraitD_02/materials/textures/aws_DeskPortraitD_02.png
[1.673s] -- Symlinking: /home/anish/your_robot_ws/install/wd_lift_robot/share/wd_lift_robot//worlds/models/aws_robomaker_residential_DeskPortraitD_02/meshes/aws_DeskPortraitD_01_collision.DAE
[1.682s] -- Symlinking: /home/anish/your_robot_ws/install/wd_lift_robot/share/wd_lift_robot//worlds/models/aws_robomaker_residential_DeskPortraitD_02/meshes/aws_DeskPortraitD_01_visual.DAE
[1.689s] -- Symlinking: /home/anish/your_robot_ws/install/wd_lift_robot/share/wd_lift_robot//worlds/models/aws_robomaker_residential_DeskPortraitD_02/model.config
[1.696s] -- Symlinking: /home/anish/your_robot_ws/install/wd_lift_robot/share/wd_lift_robot//worlds/models/aws_robomaker_residential_DeskPortraitD_02/model.sdf
[1.704s] -- Symlinking: /home/anish/your_robot_ws/install/wd_lift_robot/share/wd_lift_robot//worlds/models/aws_robomaker_residential_DeskPortraitD_03/materials/textures/aws_DeskPortraitD_01.png
[1.712s] -- Symlinking: /home/anish/your_robot_ws/install/wd_lift_robot/share/wd_lift_robot//worlds/models/aws_robomaker_residential_DeskPortraitD_03/materials/textures/aws_DeskPortraitD_02.png
[1.721s] -- Symlinking: /home/anish/your_robot_ws/install/wd_lift_robot/share/wd_lift_robot//worlds/models/aws_robomaker_residential_DeskPortraitD_03/meshes/aws_DeskPortraitD_01_collision.DAE
[1.729s] -- Symlinking: /home/anish/your_robot_ws/install/wd_lift_robot/share/wd_lift_robot//worlds/models/aws_robomaker_residential_DeskPortraitD_03/meshes/aws_DeskPortraitD_01_visual.DAE
[1.739s] -- Symlinking: /home/anish/your_robot_ws/install/wd_lift_robot/share/wd_lift_robot//worlds/models/aws_robomaker_residential_DeskPortraitD_03/model.config
[1.747s] -- Symlinking: /home/anish/your_robot_ws/install/wd_lift_robot/share/wd_lift_robot//worlds/models/aws_robomaker_residential_DeskPortraitD_03/model.sdf
[1.756s] -- Symlinking: /home/anish/your_robot_ws/install/wd_lift_robot/share/wd_lift_robot//worlds/models/aws_robomaker_residential_DeskPortraitD_04/materials/textures/aws_DeskPortraitD_01.png
[1.765s] -- Symlinking: /home/anish/your_robot_ws/install/wd_lift_robot/share/wd_lift_robot//worlds/models/aws_robomaker_residential_DeskPortraitD_04/materials/textures/aws_DeskPortraitD_02.png
[1.774s] -- Symlinking: /home/anish/your_robot_ws/install/wd_lift_robot/share/wd_lift_robot//worlds/models/aws_robomaker_residential_DeskPortraitD_04/meshes/aws_DeskPortraitD_01_collision.DAE
[1.782s] -- Symlinking: /home/anish/your_robot_ws/install/wd_lift_robot/share/wd_lift_robot//worlds/models/aws_robomaker_residential_DeskPortraitD_04/meshes/aws_DeskPortraitD_01_visual.DAE
[1.792s] -- Symlinking: /home/anish/your_robot_ws/install/wd_lift_robot/share/wd_lift_robot//worlds/models/aws_robomaker_residential_DeskPortraitD_04/model.config
[1.800s] -- Symlinking: /home/anish/your_robot_ws/install/wd_lift_robot/share/wd_lift_robot//worlds/models/aws_robomaker_residential_DeskPortraitD_04/model.sdf
[1.808s] -- Symlinking: /home/anish/your_robot_ws/install/wd_lift_robot/share/wd_lift_robot//worlds/models/aws_robomaker_residential_Door_01/materials/textures/aws_Door_01.png
[1.817s] -- Symlinking: /home/anish/your_robot_ws/install/wd_lift_robot/share/wd_lift_robot//worlds/models/aws_robomaker_residential_Door_01/meshes/aws_Door_01_collision.DAE
[1.825s] -- Symlinking: /home/anish/your_robot_ws/install/wd_lift_robot/share/wd_lift_robot//worlds/models/aws_robomaker_residential_Door_01/meshes/aws_Door_01_visual.DAE
[1.835s] -- Symlinking: /home/anish/your_robot_ws/install/wd_lift_robot/share/wd_lift_robot//worlds/models/aws_robomaker_residential_Door_01/model.config
[1.843s] -- Symlinking: /home/anish/your_robot_ws/install/wd_lift_robot/share/wd_lift_robot//worlds/models/aws_robomaker_residential_Door_01/model.sdf
[1.851s] -- Symlinking: /home/anish/your_robot_ws/install/wd_lift_robot/share/wd_lift_robot//worlds/models/aws_robomaker_residential_Dumbbell_01/materials/textures/aws_Dumbbell_01.png
[1.859s] -- Symlinking: /home/anish/your_robot_ws/install/wd_lift_robot/share/wd_lift_robot//worlds/models/aws_robomaker_residential_Dumbbell_01/meshes/aws_Dumbbell_01_collision.DAE
[1.867s] -- Symlinking: /home/anish/your_robot_ws/install/wd_lift_robot/share/wd_lift_robot//worlds/models/aws_robomaker_residential_Dumbbell_01/meshes/aws_Dumbbell_01_visual.DAE
[1.876s] -- Symlinking: /home/anish/your_robot_ws/install/wd_lift_robot/share/wd_lift_robot//worlds/models/aws_robomaker_residential_Dumbbell_01/model.config
[1.884s] -- Symlinking: /home/anish/your_robot_ws/install/wd_lift_robot/share/wd_lift_robot//worlds/models/aws_robomaker_residential_Dumbbell_01/model.sdf
[1.892s] -- Symlinking: /home/anish/your_robot_ws/install/wd_lift_robot/share/wd_lift_robot//worlds/models/aws_robomaker_residential_FitnessEquipment_01/materials/textures/aws_FitnessEquipment_01.png
[1.900s] -- Symlinking: /home/anish/your_robot_ws/install/wd_lift_robot/share/wd_lift_robot//worlds/models/aws_robomaker_residential_FitnessEquipment_01/meshes/aws_FitnessEquipment_01_collision.DAE
[1.908s] -- Symlinking: /home/anish/your_robot_ws/install/wd_lift_robot/share/wd_lift_robot//worlds/models/aws_robomaker_residential_FitnessEquipment_01/meshes/aws_FitnessEquipment_01_visual.DAE
[1.916s] -- Symlinking: /home/anish/your_robot_ws/install/wd_lift_robot/share/wd_lift_robot//worlds/models/aws_robomaker_residential_FitnessEquipment_01/model.config
[1.927s] -- Symlinking: /home/anish/your_robot_ws/install/wd_lift_robot/share/wd_lift_robot//worlds/models/aws_robomaker_residential_FitnessEquipment_01/model.sdf
[1.935s] -- Symlinking: /home/anish/your_robot_ws/install/wd_lift_robot/share/wd_lift_robot//worlds/models/aws_robomaker_residential_FloorB_01/materials/textures/aws_FloorB_01.png
[1.943s] -- Symlinking: /home/anish/your_robot_ws/install/wd_lift_robot/share/wd_lift_robot//worlds/models/aws_robomaker_residential_FloorB_01/meshes/aws_FloorB_01_collision.DAE
[1.950s] -- Symlinking: /home/anish/your_robot_ws/install/wd_lift_robot/share/wd_lift_robot//worlds/models/aws_robomaker_residential_FloorB_01/meshes/aws_FloorB_01_visual.DAE
[1.959s] -- Symlinking: /home/anish/your_robot_ws/install/wd_lift_robot/share/wd_lift_robot//worlds/models/aws_robomaker_residential_FloorB_01/model.config
[1.966s] -- Symlinking: /home/anish/your_robot_ws/install/wd_lift_robot/share/wd_lift_robot//worlds/models/aws_robomaker_residential_FloorB_01/model.sdf
[1.974s] -- Symlinking: /home/anish/your_robot_ws/install/wd_lift_robot/share/wd_lift_robot//worlds/models/aws_robomaker_residential_FoldingDoor_01/materials/textures/aws_FoldingDoor_01.png
[1.982s] -- Symlinking: /home/anish/your_robot_ws/install/wd_lift_robot/share/wd_lift_robot//worlds/models/aws_robomaker_residential_FoldingDoor_01/meshes/aws_FoldingDoor_01_collision.DAE
[1.989s] -- Symlinking: /home/anish/your_robot_ws/install/wd_lift_robot/share/wd_lift_robot//worlds/models/aws_robomaker_residential_FoldingDoor_01/meshes/aws_FoldingDoor_01_visual.DAE
[1.998s] -- Symlinking: /home/anish/your_robot_ws/install/wd_lift_robot/share/wd_lift_robot//worlds/models/aws_robomaker_residential_FoldingDoor_01/model.config
[2.005s] -- Symlinking: /home/anish/your_robot_ws/install/wd_lift_robot/share/wd_lift_robot//worlds/models/aws_robomaker_residential_FoldingDoor_01/model.sdf
[2.014s] -- Symlinking: /home/anish/your_robot_ws/install/wd_lift_robot/share/wd_lift_robot//worlds/models/aws_robomaker_residential_FoldingDoor_02/materials/textures/aws_FoldingDoor_02.png
[2.022s] -- Symlinking: /home/anish/your_robot_ws/install/wd_lift_robot/share/wd_lift_robot//worlds/models/aws_robomaker_residential_FoldingDoor_02/meshes/aws_FoldingDoor_02_collision.DAE
[2.030s] -- Symlinking: /home/anish/your_robot_ws/install/wd_lift_robot/share/wd_lift_robot//worlds/models/aws_robomaker_residential_FoldingDoor_02/meshes/aws_FoldingDoor_02_visual.DAE
[2.038s] -- Symlinking: /home/anish/your_robot_ws/install/wd_lift_robot/share/wd_lift_robot//worlds/models/aws_robomaker_residential_FoldingDoor_02/model.config
[2.046s] -- Symlinking: /home/anish/your_robot_ws/install/wd_lift_robot/share/wd_lift_robot//worlds/models/aws_robomaker_residential_FoldingDoor_02/model.sdf
[2.054s] -- Symlinking: /home/anish/your_robot_ws/install/wd_lift_robot/share/wd_lift_robot//worlds/models/aws_robomaker_residential_Handle_01/materials/textures/aws_Handle_01.png
[2.061s] -- Symlinking: /home/anish/your_robot_ws/install/wd_lift_robot/share/wd_lift_robot//worlds/models/aws_robomaker_residential_Handle_01/meshes/aws_ handle_01_collision.DAE
[2.068s] -- Symlinking: /home/anish/your_robot_ws/install/wd_lift_robot/share/wd_lift_robot//worlds/models/aws_robomaker_residential_Handle_01/meshes/aws_Handle_01_collision.DAE
[2.076s] -- Symlinking: /home/anish/your_robot_ws/install/wd_lift_robot/share/wd_lift_robot//worlds/models/aws_robomaker_residential_Handle_01/meshes/aws_Handle_01_visual.DAE
[2.086s] -- Symlinking: /home/anish/your_robot_ws/install/wd_lift_robot/share/wd_lift_robot//worlds/models/aws_robomaker_residential_Handle_01/model.config
[2.094s] -- Symlinking: /home/anish/your_robot_ws/install/wd_lift_robot/share/wd_lift_robot//worlds/models/aws_robomaker_residential_Handle_01/model.sdf
[2.101s] -- Symlinking: /home/anish/your_robot_ws/install/wd_lift_robot/share/wd_lift_robot//worlds/models/aws_robomaker_residential_HouseWallB_01/materials/textures/aws_HouseWallB_01.png
[2.109s] -- Symlinking: /home/anish/your_robot_ws/install/wd_lift_robot/share/wd_lift_robot//worlds/models/aws_robomaker_residential_HouseWallB_01/meshes/aws_HouseWallB_01_collision.DAE
[2.117s] -- Symlinking: /home/anish/your_robot_ws/install/wd_lift_robot/share/wd_lift_robot//worlds/models/aws_robomaker_residential_HouseWallB_01/meshes/aws_HouseWallB_01_visual.DAE
[2.126s] -- Symlinking: /home/anish/your_robot_ws/install/wd_lift_robot/share/wd_lift_robot//worlds/models/aws_robomaker_residential_HouseWallB_01/model.config
[2.134s] -- Symlinking: /home/anish/your_robot_ws/install/wd_lift_robot/share/wd_lift_robot//worlds/models/aws_robomaker_residential_HouseWallB_01/model.sdf
[2.142s] -- Symlinking: /home/anish/your_robot_ws/install/wd_lift_robot/share/wd_lift_robot//worlds/models/aws_robomaker_residential_KitchenCabinet_01/materials/textures/aws_KitchenCabinet_01.png
[2.149s] -- Symlinking: /home/anish/your_robot_ws/install/wd_lift_robot/share/wd_lift_robot//worlds/models/aws_robomaker_residential_KitchenCabinet_01/meshes/aws_KitchenCabinet_01_collision.DAE
[2.159s] -- Symlinking: /home/anish/your_robot_ws/install/wd_lift_robot/share/wd_lift_robot//worlds/models/aws_robomaker_residential_KitchenCabinet_01/meshes/aws_KitchenCabinet_01_visual.DAE
[2.166s] -- Symlinking: /home/anish/your_robot_ws/install/wd_lift_robot/share/wd_lift_robot//worlds/models/aws_robomaker_residential_KitchenCabinet_01/model.config
[2.175s] -- Symlinking: /home/anish/your_robot_ws/install/wd_lift_robot/share/wd_lift_robot//worlds/models/aws_robomaker_residential_KitchenCabinet_01/model.sdf
[2.181s] -- Symlinking: /home/anish/your_robot_ws/install/wd_lift_robot/share/wd_lift_robot//worlds/models/aws_robomaker_residential_KitchenTable_01/materials/textures/aws_KitchenTable_01.png
[2.191s] -- Symlinking: /home/anish/your_robot_ws/install/wd_lift_robot/share/wd_lift_robot//worlds/models/aws_robomaker_residential_KitchenTable_01/meshes/aws_KitchenTable_01_collision.DAE
[2.198s] -- Symlinking: /home/anish/your_robot_ws/install/wd_lift_robot/share/wd_lift_robot//worlds/models/aws_robomaker_residential_KitchenTable_01/meshes/aws_KitchenTable_01_visual.DAE
[2.206s] -- Symlinking: /home/anish/your_robot_ws/install/wd_lift_robot/share/wd_lift_robot//worlds/models/aws_robomaker_residential_KitchenTable_01/model.config
[2.213s] -- Symlinking: /home/anish/your_robot_ws/install/wd_lift_robot/share/wd_lift_robot//worlds/models/aws_robomaker_residential_KitchenTable_01/model.sdf
[2.223s] -- Symlinking: /home/anish/your_robot_ws/install/wd_lift_robot/share/wd_lift_robot//worlds/models/aws_robomaker_residential_KitchenUtensils_01/materials/textures/aws_KitchenUtensils_01.png
[2.232s] -- Symlinking: /home/anish/your_robot_ws/install/wd_lift_robot/share/wd_lift_robot//worlds/models/aws_robomaker_residential_KitchenUtensils_01/meshes/aws_KitchenUtensils_01_collision.DAE
[2.240s] -- Symlinking: /home/anish/your_robot_ws/install/wd_lift_robot/share/wd_lift_robot//worlds/models/aws_robomaker_residential_KitchenUtensils_01/meshes/aws_KitchenUtensils_01_visual.DAE
[2.248s] -- Symlinking: /home/anish/your_robot_ws/install/wd_lift_robot/share/wd_lift_robot//worlds/models/aws_robomaker_residential_KitchenUtensils_01/model.config
[2.256s] -- Symlinking: /home/anish/your_robot_ws/install/wd_lift_robot/share/wd_lift_robot//worlds/models/aws_robomaker_residential_KitchenUtensils_01/model.sdf
[2.264s] -- Symlinking: /home/anish/your_robot_ws/install/wd_lift_robot/share/wd_lift_robot//worlds/models/aws_robomaker_residential_LightC_01/materials/textures/aws_LightC_01.png
[2.272s] -- Symlinking: /home/anish/your_robot_ws/install/wd_lift_robot/share/wd_lift_robot//worlds/models/aws_robomaker_residential_LightC_01/meshes/aws_LightC_01_collision.DAE
[2.279s] -- Symlinking: /home/anish/your_robot_ws/install/wd_lift_robot/share/wd_lift_robot//worlds/models/aws_robomaker_residential_LightC_01/meshes/aws_LightC_01_visual.DAE
[2.288s] -- Symlinking: /home/anish/your_robot_ws/install/wd_lift_robot/share/wd_lift_robot//worlds/models/aws_robomaker_residential_LightC_01/model.config
[2.296s] -- Symlinking: /home/anish/your_robot_ws/install/wd_lift_robot/share/wd_lift_robot//worlds/models/aws_robomaker_residential_LightC_01/model.sdf
[2.303s] -- Symlinking: /home/anish/your_robot_ws/install/wd_lift_robot/share/wd_lift_robot//worlds/models/aws_robomaker_residential_NightStand_01/materials/textures/aws_NightStand_01.png
[2.312s] -- Symlinking: /home/anish/your_robot_ws/install/wd_lift_robot/share/wd_lift_robot//worlds/models/aws_robomaker_residential_NightStand_01/meshes/aws_NightStand_01_collision.DAE
[2.319s] -- Symlinking: /home/anish/your_robot_ws/install/wd_lift_robot/share/wd_lift_robot//worlds/models/aws_robomaker_residential_NightStand_01/meshes/aws_NightStand_01_visual.DAE
[2.327s] -- Symlinking: /home/anish/your_robot_ws/install/wd_lift_robot/share/wd_lift_robot//worlds/models/aws_robomaker_residential_NightStand_01/model.config
[2.337s] -- Symlinking: /home/anish/your_robot_ws/install/wd_lift_robot/share/wd_lift_robot//worlds/models/aws_robomaker_residential_NightStand_01/model.sdf
[2.344s] -- Symlinking: /home/anish/your_robot_ws/install/wd_lift_robot/share/wd_lift_robot//worlds/models/aws_robomaker_residential_Pillow_01/materials/textures/aws_Pillow_01.png
[2.355s] -- Symlinking: /home/anish/your_robot_ws/install/wd_lift_robot/share/wd_lift_robot//worlds/models/aws_robomaker_residential_Pillow_01/meshes/aws_Pillow_01_collision.DAE
[2.363s] -- Symlinking: /home/anish/your_robot_ws/install/wd_lift_robot/share/wd_lift_robot//worlds/models/aws_robomaker_residential_Pillow_01/meshes/aws_Pillow_01_visual.DAE
[2.373s] -- Symlinking: /home/anish/your_robot_ws/install/wd_lift_robot/share/wd_lift_robot//worlds/models/aws_robomaker_residential_Pillow_01/model.config
[2.383s] -- Symlinking: /home/anish/your_robot_ws/install/wd_lift_robot/share/wd_lift_robot//worlds/models/aws_robomaker_residential_Pillow_01/model.sdf
[2.392s] -- Symlinking: /home/anish/your_robot_ws/install/wd_lift_robot/share/wd_lift_robot//worlds/models/aws_robomaker_residential_PortraitA_01/materials/textures/aws_PortraitA_01.png
[2.399s] -- Symlinking: /home/anish/your_robot_ws/install/wd_lift_robot/share/wd_lift_robot//worlds/models/aws_robomaker_residential_PortraitA_01/materials/textures/aws_PortraitA_02.png
[2.408s] -- Symlinking: /home/anish/your_robot_ws/install/wd_lift_robot/share/wd_lift_robot//worlds/models/aws_robomaker_residential_PortraitA_01/meshes/aws_PortraitA_01_collision.DAE
[2.415s] -- Symlinking: /home/anish/your_robot_ws/install/wd_lift_robot/share/wd_lift_robot//worlds/models/aws_robomaker_residential_PortraitA_01/meshes/aws_PortraitA_01_visual.DAE
[2.422s] -- Symlinking: /home/anish/your_robot_ws/install/wd_lift_robot/share/wd_lift_robot//worlds/models/aws_robomaker_residential_PortraitA_01/model.config
[2.431s] -- Symlinking: /home/anish/your_robot_ws/install/wd_lift_robot/share/wd_lift_robot//worlds/models/aws_robomaker_residential_PortraitA_01/model.sdf
[2.440s] -- Symlinking: /home/anish/your_robot_ws/install/wd_lift_robot/share/wd_lift_robot//worlds/models/aws_robomaker_residential_PortraitA_02/materials/textures/aws_PortraitA_01.png
[2.448s] -- Symlinking: /home/anish/your_robot_ws/install/wd_lift_robot/share/wd_lift_robot//worlds/models/aws_robomaker_residential_PortraitA_02/materials/textures/aws_PortraitA_02.png
[2.456s] -- Symlinking: /home/anish/your_robot_ws/install/wd_lift_robot/share/wd_lift_robot//worlds/models/aws_robomaker_residential_PortraitA_02/meshes/aws_PortraitA_01_collision.DAE
[2.463s] -- Symlinking: /home/anish/your_robot_ws/install/wd_lift_robot/share/wd_lift_robot//worlds/models/aws_robomaker_residential_PortraitA_02/meshes/aws_PortraitA_01_visual.DAE
[2.470s] -- Symlinking: /home/anish/your_robot_ws/install/wd_lift_robot/share/wd_lift_robot//worlds/models/aws_robomaker_residential_PortraitA_02/model.config
[2.478s] -- Symlinking: /home/anish/your_robot_ws/install/wd_lift_robot/share/wd_lift_robot//worlds/models/aws_robomaker_residential_PortraitA_02/model.sdf
[2.485s] -- Symlinking: /home/anish/your_robot_ws/install/wd_lift_robot/share/wd_lift_robot//worlds/models/aws_robomaker_residential_PortraitB_01/materials/textures/aws_PortraitB_01.png
[2.493s] -- Symlinking: /home/anish/your_robot_ws/install/wd_lift_robot/share/wd_lift_robot//worlds/models/aws_robomaker_residential_PortraitB_01/materials/textures/aws_PortraitB_02.png
[2.500s] -- Symlinking: /home/anish/your_robot_ws/install/wd_lift_robot/share/wd_lift_robot//worlds/models/aws_robomaker_residential_PortraitB_01/meshes/aws_PortraitB_01_collision.DAE
[2.508s] -- Symlinking: /home/anish/your_robot_ws/install/wd_lift_robot/share/wd_lift_robot//worlds/models/aws_robomaker_residential_PortraitB_01/meshes/aws_PortraitB_01_visual.DAE
[2.515s] -- Symlinking: /home/anish/your_robot_ws/install/wd_lift_robot/share/wd_lift_robot//worlds/models/aws_robomaker_residential_PortraitB_01/model.config
[2.523s] -- Symlinking: /home/anish/your_robot_ws/install/wd_lift_robot/share/wd_lift_robot//worlds/models/aws_robomaker_residential_PortraitB_01/model.sdf
[2.530s] -- Symlinking: /home/anish/your_robot_ws/install/wd_lift_robot/share/wd_lift_robot//worlds/models/aws_robomaker_residential_PortraitB_02/materials/textures/aws_PortraitB_01.png
[2.540s] -- Symlinking: /home/anish/your_robot_ws/install/wd_lift_robot/share/wd_lift_robot//worlds/models/aws_robomaker_residential_PortraitB_02/materials/textures/aws_PortraitB_02.png
[2.547s] -- Symlinking: /home/anish/your_robot_ws/install/wd_lift_robot/share/wd_lift_robot//worlds/models/aws_robomaker_residential_PortraitB_02/meshes/aws_PortraitB_01_collision.DAE
[2.556s] -- Symlinking: /home/anish/your_robot_ws/install/wd_lift_robot/share/wd_lift_robot//worlds/models/aws_robomaker_residential_PortraitB_02/meshes/aws_PortraitB_01_visual.DAE
[2.564s] -- Symlinking: /home/anish/your_robot_ws/install/wd_lift_robot/share/wd_lift_robot//worlds/models/aws_robomaker_residential_PortraitB_02/model.config
[2.572s] -- Symlinking: /home/anish/your_robot_ws/install/wd_lift_robot/share/wd_lift_robot//worlds/models/aws_robomaker_residential_PortraitB_02/model.sdf
[2.580s] -- Symlinking: /home/anish/your_robot_ws/install/wd_lift_robot/share/wd_lift_robot//worlds/models/aws_robomaker_residential_PortraitB_03/materials/textures/aws_PortraitB_01.png
[2.588s] -- Symlinking: /home/anish/your_robot_ws/install/wd_lift_robot/share/wd_lift_robot//worlds/models/aws_robomaker_residential_PortraitB_03/materials/textures/aws_PortraitB_02.png
[2.597s] -- Symlinking: /home/anish/your_robot_ws/install/wd_lift_robot/share/wd_lift_robot//worlds/models/aws_robomaker_residential_PortraitB_03/meshes/aws_PortraitB_01_collision.DAE
[2.605s] -- Symlinking: /home/anish/your_robot_ws/install/wd_lift_robot/share/wd_lift_robot//worlds/models/aws_robomaker_residential_PortraitB_03/meshes/aws_PortraitB_01_visual.DAE
[2.611s] -- Symlinking: /home/anish/your_robot_ws/install/wd_lift_robot/share/wd_lift_robot//worlds/models/aws_robomaker_residential_PortraitB_03/model.config
[2.619s] -- Symlinking: /home/anish/your_robot_ws/install/wd_lift_robot/share/wd_lift_robot//worlds/models/aws_robomaker_residential_PortraitB_03/model.sdf
[2.626s] -- Symlinking: /home/anish/your_robot_ws/install/wd_lift_robot/share/wd_lift_robot//worlds/models/aws_robomaker_residential_PortraitC_01/materials/textures/aws_PortraitC_01.png
[2.635s] -- Symlinking: /home/anish/your_robot_ws/install/wd_lift_robot/share/wd_lift_robot//worlds/models/aws_robomaker_residential_PortraitC_01/materials/textures/aws_PortraitC_02.png
[2.642s] -- Symlinking: /home/anish/your_robot_ws/install/wd_lift_robot/share/wd_lift_robot//worlds/models/aws_robomaker_residential_PortraitC_01/meshes/aws_PortraitC_01_collision.DAE
[2.649s] -- Symlinking: /home/anish/your_robot_ws/install/wd_lift_robot/share/wd_lift_robot//worlds/models/aws_robomaker_residential_PortraitC_01/meshes/aws_PortraitC_01_visual.DAE
[2.656s] -- Symlinking: /home/anish/your_robot_ws/install/wd_lift_robot/share/wd_lift_robot//worlds/models/aws_robomaker_residential_PortraitC_01/model.config
[2.664s] -- Symlinking: /home/anish/your_robot_ws/install/wd_lift_robot/share/wd_lift_robot//worlds/models/aws_robomaker_residential_PortraitC_01/model.sdf
[2.673s] -- Symlinking: /home/anish/your_robot_ws/install/wd_lift_robot/share/wd_lift_robot//worlds/models/aws_robomaker_residential_PortraitD_01/materials/textures/aws_PortraitD_01.png
[2.681s] -- Symlinking: /home/anish/your_robot_ws/install/wd_lift_robot/share/wd_lift_robot//worlds/models/aws_robomaker_residential_PortraitD_01/materials/textures/aws_PortraitD_02.png
[2.689s] -- Symlinking: /home/anish/your_robot_ws/install/wd_lift_robot/share/wd_lift_robot//worlds/models/aws_robomaker_residential_PortraitD_01/meshes/aws_PortraitD_01_collision.DAE
[2.697s] -- Symlinking: /home/anish/your_robot_ws/install/wd_lift_robot/share/wd_lift_robot//worlds/models/aws_robomaker_residential_PortraitD_01/meshes/aws_PortraitD_01_visual.DAE
[2.705s] -- Symlinking: /home/anish/your_robot_ws/install/wd_lift_robot/share/wd_lift_robot//worlds/models/aws_robomaker_residential_PortraitD_01/model.config
[2.713s] -- Symlinking: /home/anish/your_robot_ws/install/wd_lift_robot/share/wd_lift_robot//worlds/models/aws_robomaker_residential_PortraitD_01/model.sdf
[2.719s] -- Symlinking: /home/anish/your_robot_ws/install/wd_lift_robot/share/wd_lift_robot//worlds/models/aws_robomaker_residential_PortraitD_02/materials/textures/aws_PortraitD_01.png
[2.726s] -- Symlinking: /home/anish/your_robot_ws/install/wd_lift_robot/share/wd_lift_robot//worlds/models/aws_robomaker_residential_PortraitD_02/materials/textures/aws_PortraitD_02.png
[2.735s] -- Symlinking: /home/anish/your_robot_ws/install/wd_lift_robot/share/wd_lift_robot//worlds/models/aws_robomaker_residential_PortraitD_02/meshes/aws_PortraitD_01_collision.DAE
[2.743s] -- Symlinking: /home/anish/your_robot_ws/install/wd_lift_robot/share/wd_lift_robot//worlds/models/aws_robomaker_residential_PortraitD_02/meshes/aws_PortraitD_01_visual.DAE
[2.751s] -- Symlinking: /home/anish/your_robot_ws/install/wd_lift_robot/share/wd_lift_robot//worlds/models/aws_robomaker_residential_PortraitD_02/model.config
[2.760s] -- Symlinking: /home/anish/your_robot_ws/install/wd_lift_robot/share/wd_lift_robot//worlds/models/aws_robomaker_residential_PortraitD_02/model.sdf
[2.767s] -- Symlinking: /home/anish/your_robot_ws/install/wd_lift_robot/share/wd_lift_robot//worlds/models/aws_robomaker_residential_PortraitE_01/materials/textures/aws_PortraitE_01.png
[2.775s] -- Symlinking: /home/anish/your_robot_ws/install/wd_lift_robot/share/wd_lift_robot//worlds/models/aws_robomaker_residential_PortraitE_01/materials/textures/aws_PortraitE_02.png
[2.782s] -- Symlinking: /home/anish/your_robot_ws/install/wd_lift_robot/share/wd_lift_robot//worlds/models/aws_robomaker_residential_PortraitE_01/meshes/aws_PortraitE_01_collision.DAE
[2.790s] -- Symlinking: /home/anish/your_robot_ws/install/wd_lift_robot/share/wd_lift_robot//worlds/models/aws_robomaker_residential_PortraitE_01/meshes/aws_PortraitE_01_visual.DAE
[2.798s] -- Symlinking: /home/anish/your_robot_ws/install/wd_lift_robot/share/wd_lift_robot//worlds/models/aws_robomaker_residential_PortraitE_01/model.config
[2.807s] -- Symlinking: /home/anish/your_robot_ws/install/wd_lift_robot/share/wd_lift_robot//worlds/models/aws_robomaker_residential_PortraitE_01/model.sdf
[2.814s] -- Symlinking: /home/anish/your_robot_ws/install/wd_lift_robot/share/wd_lift_robot//worlds/models/aws_robomaker_residential_PortraitE_02/materials/textures/aws_PortraitE_01.png
[2.822s] -- Symlinking: /home/anish/your_robot_ws/install/wd_lift_robot/share/wd_lift_robot//worlds/models/aws_robomaker_residential_PortraitE_02/materials/textures/aws_PortraitE_02.png
[2.830s] -- Symlinking: /home/anish/your_robot_ws/install/wd_lift_robot/share/wd_lift_robot//worlds/models/aws_robomaker_residential_PortraitE_02/meshes/aws_PortraitE_01_collision.DAE
[2.839s] -- Symlinking: /home/anish/your_robot_ws/install/wd_lift_robot/share/wd_lift_robot//worlds/models/aws_robomaker_residential_PortraitE_02/meshes/aws_PortraitE_01_visual.DAE
[2.846s] -- Symlinking: /home/anish/your_robot_ws/install/wd_lift_robot/share/wd_lift_robot//worlds/models/aws_robomaker_residential_PortraitE_02/model.config
[2.854s] -- Symlinking: /home/anish/your_robot_ws/install/wd_lift_robot/share/wd_lift_robot//worlds/models/aws_robomaker_residential_PortraitE_02/model.sdf
[2.862s] -- Symlinking: /home/anish/your_robot_ws/install/wd_lift_robot/share/wd_lift_robot//worlds/models/aws_robomaker_residential_Quilt_01/materials/textures/aws_Quilt_01.png
[2.870s] -- Symlinking: /home/anish/your_robot_ws/install/wd_lift_robot/share/wd_lift_robot//worlds/models/aws_robomaker_residential_Quilt_01/meshes/aws_Quilt_01_collision.DAE
[2.878s] -- Symlinking: /home/anish/your_robot_ws/install/wd_lift_robot/share/wd_lift_robot//worlds/models/aws_robomaker_residential_Quilt_01/meshes/aws_Quilt_01_visual.DAE
[2.886s] -- Symlinking: /home/anish/your_robot_ws/install/wd_lift_robot/share/wd_lift_robot//worlds/models/aws_robomaker_residential_Quilt_01/model.config
[2.893s] -- Symlinking: /home/anish/your_robot_ws/install/wd_lift_robot/share/wd_lift_robot//worlds/models/aws_robomaker_residential_Quilt_01/model.sdf
[2.901s] -- Symlinking: /home/anish/your_robot_ws/install/wd_lift_robot/share/wd_lift_robot//worlds/models/aws_robomaker_residential_Rangehood_01/materials/textures/aws_Rangehood_01.png
[2.909s] -- Symlinking: /home/anish/your_robot_ws/install/wd_lift_robot/share/wd_lift_robot//worlds/models/aws_robomaker_residential_Rangehood_01/meshes/aws_Rangehood_01_collision.DAE
[2.916s] -- Symlinking: /home/anish/your_robot_ws/install/wd_lift_robot/share/wd_lift_robot//worlds/models/aws_robomaker_residential_Rangehood_01/meshes/aws_Rangehood_01_visual.DAE
[2.923s] -- Symlinking: /home/anish/your_robot_ws/install/wd_lift_robot/share/wd_lift_robot//worlds/models/aws_robomaker_residential_Rangehood_01/model.config
[2.930s] -- Symlinking: /home/anish/your_robot_ws/install/wd_lift_robot/share/wd_lift_robot//worlds/models/aws_robomaker_residential_Rangehood_01/model.sdf
[2.939s] -- Symlinking: /home/anish/your_robot_ws/install/wd_lift_robot/share/wd_lift_robot//worlds/models/aws_robomaker_residential_ReadingDesk_01/materials/textures/aws_ReadingDesk_01.png
[2.946s] -- Symlinking: /home/anish/your_robot_ws/install/wd_lift_robot/share/wd_lift_robot//worlds/models/aws_robomaker_residential_ReadingDesk_01/meshes/aws_ReadingDesk_01_collision.DAE
[2.954s] -- Symlinking: /home/anish/your_robot_ws/install/wd_lift_robot/share/wd_lift_robot//worlds/models/aws_robomaker_residential_ReadingDesk_01/meshes/aws_ReadingDesk_01_visual.DAE
[2.961s] -- Symlinking: /home/anish/your_robot_ws/install/wd_lift_robot/share/wd_lift_robot//worlds/models/aws_robomaker_residential_ReadingDesk_01/model.config
[2.968s] -- Symlinking: /home/anish/your_robot_ws/install/wd_lift_robot/share/wd_lift_robot//worlds/models/aws_robomaker_residential_ReadingDesk_01/model.sdf
[2.977s] -- Symlinking: /home/anish/your_robot_ws/install/wd_lift_robot/share/wd_lift_robot//worlds/models/aws_robomaker_residential_Refrigerator_01/materials/textures/aws_Refrigerator_01.png
[2.985s] -- Symlinking: /home/anish/your_robot_ws/install/wd_lift_robot/share/wd_lift_robot//worlds/models/aws_robomaker_residential_Refrigerator_01/materials/textures/aws_Refrigerator_02.png
[2.994s] -- Symlinking: /home/anish/your_robot_ws/install/wd_lift_robot/share/wd_lift_robot//worlds/models/aws_robomaker_residential_Refrigerator_01/meshes/aws_Refrigerator_01.DAE
[3.001s] -- Symlinking: /home/anish/your_robot_ws/install/wd_lift_robot/share/wd_lift_robot//worlds/models/aws_robomaker_residential_Refrigerator_01/meshes/aws_Refrigerator_01_collision.DAE
[3.007s] -- Symlinking: /home/anish/your_robot_ws/install/wd_lift_robot/share/wd_lift_robot//worlds/models/aws_robomaker_residential_Refrigerator_01/meshes/aws_Refrigerator_01_visual.DAE
[3.014s] -- Symlinking: /home/anish/your_robot_ws/install/wd_lift_robot/share/wd_lift_robot//worlds/models/aws_robomaker_residential_Refrigerator_01/model.config
[3.022s] -- Symlinking: /home/anish/your_robot_ws/install/wd_lift_robot/share/wd_lift_robot//worlds/models/aws_robomaker_residential_Refrigerator_01/model.sdf
[3.031s] -- Symlinking: /home/anish/your_robot_ws/install/wd_lift_robot/share/wd_lift_robot//worlds/models/aws_robomaker_residential_RoomCeiling_01/materials/textures/aws_RoomCeiling_01.png
[3.037s] -- Symlinking: /home/anish/your_robot_ws/install/wd_lift_robot/share/wd_lift_robot//worlds/models/aws_robomaker_residential_RoomCeiling_01/meshes/aws_RoomCeiling_01_collision.DAE
[3.046s] -- Symlinking: /home/anish/your_robot_ws/install/wd_lift_robot/share/wd_lift_robot//worlds/models/aws_robomaker_residential_RoomCeiling_01/meshes/aws_RoomCeiling_01_visual.DAE
[3.054s] -- Symlinking: /home/anish/your_robot_ws/install/wd_lift_robot/share/wd_lift_robot//worlds/models/aws_robomaker_residential_RoomCeiling_01/model.config
[3.062s] -- Symlinking: /home/anish/your_robot_ws/install/wd_lift_robot/share/wd_lift_robot//worlds/models/aws_robomaker_residential_RoomCeiling_01/model.sdf
[3.070s] -- Symlinking: /home/anish/your_robot_ws/install/wd_lift_robot/share/wd_lift_robot//worlds/models/aws_robomaker_residential_RoomWall_01/materials/textures/aws_RoomWall_01.png
[3.077s] -- Symlinking: /home/anish/your_robot_ws/install/wd_lift_robot/share/wd_lift_robot//worlds/models/aws_robomaker_residential_RoomWall_01/meshes/aws_RoomWall_01_collision.DAE
[3.084s] -- Symlinking: /home/anish/your_robot_ws/install/wd_lift_robot/share/wd_lift_robot//worlds/models/aws_robomaker_residential_RoomWall_01/meshes/aws_RoomWall_01_visual.DAE
[3.091s] -- Symlinking: /home/anish/your_robot_ws/install/wd_lift_robot/share/wd_lift_robot//worlds/models/aws_robomaker_residential_RoomWall_01/model.config
[3.099s] -- Symlinking: /home/anish/your_robot_ws/install/wd_lift_robot/share/wd_lift_robot//worlds/models/aws_robomaker_residential_RoomWall_01/model.sdf
[3.106s] -- Symlinking: /home/anish/your_robot_ws/install/wd_lift_robot/share/wd_lift_robot//worlds/models/aws_robomaker_residential_RoomWindow_01/materials/textures/aws_RoomWindow_01.png
[3.113s] -- Symlinking: /home/anish/your_robot_ws/install/wd_lift_robot/share/wd_lift_robot//worlds/models/aws_robomaker_residential_RoomWindow_01/meshes/aws_RoomWindow_01_collision.DAE
[3.120s] -- Symlinking: /home/anish/your_robot_ws/install/wd_lift_robot/share/wd_lift_robot//worlds/models/aws_robomaker_residential_RoomWindow_01/meshes/aws_RoomWindow_01_visual.DAE
[3.128s] -- Symlinking: /home/anish/your_robot_ws/install/wd_lift_robot/share/wd_lift_robot//worlds/models/aws_robomaker_residential_RoomWindow_01/model.config
[3.138s] -- Symlinking: /home/anish/your_robot_ws/install/wd_lift_robot/share/wd_lift_robot//worlds/models/aws_robomaker_residential_RoomWindow_01/model.sdf
[3.145s] -- Symlinking: /home/anish/your_robot_ws/install/wd_lift_robot/share/wd_lift_robot//worlds/models/aws_robomaker_residential_SeasoningBox_01/materials/textures/aws_SeasoningBox_01.png
[3.154s] -- Symlinking: /home/anish/your_robot_ws/install/wd_lift_robot/share/wd_lift_robot//worlds/models/aws_robomaker_residential_SeasoningBox_01/meshes/aws_SeasoningBox_01_collision.DAE
[3.162s] -- Symlinking: /home/anish/your_robot_ws/install/wd_lift_robot/share/wd_lift_robot//worlds/models/aws_robomaker_residential_SeasoningBox_01/meshes/aws_SeasoningBox_01_visual.DAE
[3.170s] -- Symlinking: /home/anish/your_robot_ws/install/wd_lift_robot/share/wd_lift_robot//worlds/models/aws_robomaker_residential_SeasoningBox_01/model.config
[3.179s] -- Symlinking: /home/anish/your_robot_ws/install/wd_lift_robot/share/wd_lift_robot//worlds/models/aws_robomaker_residential_SeasoningBox_01/model.sdf
[3.187s] -- Symlinking: /home/anish/your_robot_ws/install/wd_lift_robot/share/wd_lift_robot//worlds/models/aws_robomaker_residential_SecurityCamera_01/materials/textures/aws_SecurityCamera_01.png
[3.196s] -- Symlinking: /home/anish/your_robot_ws/install/wd_lift_robot/share/wd_lift_robot//worlds/models/aws_robomaker_residential_SecurityCamera_01/meshes/aws_SecurityCamera_01_collision.DAE
[3.204s] -- Symlinking: /home/anish/your_robot_ws/install/wd_lift_robot/share/wd_lift_robot//worlds/models/aws_robomaker_residential_SecurityCamera_01/meshes/aws_SecurityCamera_01_visual.DAE
[3.213s] -- Symlinking: /home/anish/your_robot_ws/install/wd_lift_robot/share/wd_lift_robot//worlds/models/aws_robomaker_residential_SecurityCamera_01/model.config
[3.221s] -- Symlinking: /home/anish/your_robot_ws/install/wd_lift_robot/share/wd_lift_robot//worlds/models/aws_robomaker_residential_SecurityCamera_01/model.sdf
[3.229s] -- Symlinking: /home/anish/your_robot_ws/install/wd_lift_robot/share/wd_lift_robot//worlds/models/aws_robomaker_residential_ShoeRack_01/materials/textures/aws_ShoeRack_01.png
[3.238s] -- Symlinking: /home/anish/your_robot_ws/install/wd_lift_robot/share/wd_lift_robot//worlds/models/aws_robomaker_residential_ShoeRack_01/meshes/aws_ShoeRack_01_collision.DAE
[3.247s] -- Symlinking: /home/anish/your_robot_ws/install/wd_lift_robot/share/wd_lift_robot//worlds/models/aws_robomaker_residential_ShoeRack_01/meshes/aws_ShoeRack_01_visual.DAE
[3.255s] -- Symlinking: /home/anish/your_robot_ws/install/wd_lift_robot/share/wd_lift_robot//worlds/models/aws_robomaker_residential_ShoeRack_01/model.config
[3.263s] -- Symlinking: /home/anish/your_robot_ws/install/wd_lift_robot/share/wd_lift_robot//worlds/models/aws_robomaker_residential_ShoeRack_01/model.sdf
[3.272s] -- Symlinking: /home/anish/your_robot_ws/install/wd_lift_robot/share/wd_lift_robot//worlds/models/aws_robomaker_residential_SofaB_01/materials/textures/aws_SofaB_01.png
[3.281s] -- Symlinking: /home/anish/your_robot_ws/install/wd_lift_robot/share/wd_lift_robot//worlds/models/aws_robomaker_residential_SofaB_01/meshes/aws_SofaB_01_collision.DAE
[3.290s] -- Symlinking: /home/anish/your_robot_ws/install/wd_lift_robot/share/wd_lift_robot//worlds/models/aws_robomaker_residential_SofaB_01/meshes/aws_SofaB_01_visual.DAE
[3.298s] -- Symlinking: /home/anish/your_robot_ws/install/wd_lift_robot/share/wd_lift_robot//worlds/models/aws_robomaker_residential_SofaB_01/model.config
[3.306s] -- Symlinking: /home/anish/your_robot_ws/install/wd_lift_robot/share/wd_lift_robot//worlds/models/aws_robomaker_residential_SofaB_01/model.sdf
[3.315s] -- Symlinking: /home/anish/your_robot_ws/install/wd_lift_robot/share/wd_lift_robot//worlds/models/aws_robomaker_residential_SofaC_01/materials/textures/aws_SofaC_01.png
[3.324s] -- Symlinking: /home/anish/your_robot_ws/install/wd_lift_robot/share/wd_lift_robot//worlds/models/aws_robomaker_residential_SofaC_01/meshes/aws_SofaC_01_collision.DAE
[3.333s] -- Symlinking: /home/anish/your_robot_ws/install/wd_lift_robot/share/wd_lift_robot//worlds/models/aws_robomaker_residential_SofaC_01/meshes/aws_SofaC_01_visual.DAE
[3.341s] -- Symlinking: /home/anish/your_robot_ws/install/wd_lift_robot/share/wd_lift_robot//worlds/models/aws_robomaker_residential_SofaC_01/model.config
[3.349s] -- Symlinking: /home/anish/your_robot_ws/install/wd_lift_robot/share/wd_lift_robot//worlds/models/aws_robomaker_residential_SofaC_01/model.sdf
[3.358s] -- Symlinking: /home/anish/your_robot_ws/install/wd_lift_robot/share/wd_lift_robot//worlds/models/aws_robomaker_residential_Sofa_01/materials/textures/aws_Sofa_01.png
[3.366s] -- Symlinking: /home/anish/your_robot_ws/install/wd_lift_robot/share/wd_lift_robot//worlds/models/aws_robomaker_residential_Sofa_01/meshes/aws_Sofa_01.DAE
[3.375s] -- Symlinking: /home/anish/your_robot_ws/install/wd_lift_robot/share/wd_lift_robot//worlds/models/aws_robomaker_residential_Sofa_01/meshes/aws_Sofa_01_collision.DAE
[3.385s] -- Symlinking: /home/anish/your_robot_ws/install/wd_lift_robot/share/wd_lift_robot//worlds/models/aws_robomaker_residential_Sofa_01/meshes/aws_Sofa_01_visual.DAE
[3.393s] -- Symlinking: /home/anish/your_robot_ws/install/wd_lift_robot/share/wd_lift_robot//worlds/models/aws_robomaker_residential_Sofa_01/model.config
[3.402s] -- Symlinking: /home/anish/your_robot_ws/install/wd_lift_robot/share/wd_lift_robot//worlds/models/aws_robomaker_residential_Sofa_01/model.sdf
[3.411s] -- Symlinking: /home/anish/your_robot_ws/install/wd_lift_robot/share/wd_lift_robot//worlds/models/aws_robomaker_residential_TVCabinet_01/materials/textures/aws_TVCabinet_01.png
[3.422s] -- Symlinking: /home/anish/your_robot_ws/install/wd_lift_robot/share/wd_lift_robot//worlds/models/aws_robomaker_residential_TVCabinet_01/meshes/aws_TVCabinet_01_collision.DAE
[3.432s] -- Symlinking: /home/anish/your_robot_ws/install/wd_lift_robot/share/wd_lift_robot//worlds/models/aws_robomaker_residential_TVCabinet_01/meshes/aws_TVCabinet_01_visual.DAE
[3.441s] -- Symlinking: /home/anish/your_robot_ws/install/wd_lift_robot/share/wd_lift_robot//worlds/models/aws_robomaker_residential_TVCabinet_01/model.config
[3.449s] -- Symlinking: /home/anish/your_robot_ws/install/wd_lift_robot/share/wd_lift_robot//worlds/models/aws_robomaker_residential_TVCabinet_01/model.sdf
[3.459s] -- Symlinking: /home/anish/your_robot_ws/install/wd_lift_robot/share/wd_lift_robot//worlds/models/aws_robomaker_residential_TV_01/materials/textures/aws_TV_01.png
[3.468s] -- Symlinking: /home/anish/your_robot_ws/install/wd_lift_robot/share/wd_lift_robot//worlds/models/aws_robomaker_residential_TV_01/meshes/aws_TV_01_collision.DAE
[3.477s] -- Symlinking: /home/anish/your_robot_ws/install/wd_lift_robot/share/wd_lift_robot//worlds/models/aws_robomaker_residential_TV_01/meshes/aws_TV_01_visual.DAE
[3.486s] -- Symlinking: /home/anish/your_robot_ws/install/wd_lift_robot/share/wd_lift_robot//worlds/models/aws_robomaker_residential_TV_01/model.config
[3.500s] -- Symlinking: /home/anish/your_robot_ws/install/wd_lift_robot/share/wd_lift_robot//worlds/models/aws_robomaker_residential_TV_01/model.sdf
[3.519s] -- Symlinking: /home/anish/your_robot_ws/install/wd_lift_robot/share/wd_lift_robot//worlds/models/aws_robomaker_residential_TV_02/materials/textures/aws_TV_01.png
[3.533s] -- Symlinking: /home/anish/your_robot_ws/install/wd_lift_robot/share/wd_lift_robot//worlds/models/aws_robomaker_residential_TV_02/meshes/aws_TV_01_collision.DAE
[3.550s] -- Symlinking: /home/anish/your_robot_ws/install/wd_lift_robot/share/wd_lift_robot//worlds/models/aws_robomaker_residential_TV_02/meshes/aws_TV_01_visual.DAE
[3.561s] -- Symlinking: /home/anish/your_robot_ws/install/wd_lift_robot/share/wd_lift_robot//worlds/models/aws_robomaker_residential_TV_02/model.config
[3.571s] -- Symlinking: /home/anish/your_robot_ws/install/wd_lift_robot/share/wd_lift_robot//worlds/models/aws_robomaker_residential_TV_02/model.sdf
[3.581s] -- Symlinking: /home/anish/your_robot_ws/install/wd_lift_robot/share/wd_lift_robot//worlds/models/aws_robomaker_residential_Tablet_01/.DS_Store
[3.591s] -- Symlinking: /home/anish/your_robot_ws/install/wd_lift_robot/share/wd_lift_robot//worlds/models/aws_robomaker_residential_Tablet_01/materials/.DS_Store
[3.600s] -- Symlinking: /home/anish/your_robot_ws/install/wd_lift_robot/share/wd_lift_robot//worlds/models/aws_robomaker_residential_Tablet_01/materials/textures/aws_Tablet_01_nologo.png
[3.608s] -- Symlinking: /home/anish/your_robot_ws/install/wd_lift_robot/share/wd_lift_robot//worlds/models/aws_robomaker_residential_Tablet_01/meshes/aws_Tablet_01_collision.DAE
[3.618s] -- Symlinking: /home/anish/your_robot_ws/install/wd_lift_robot/share/wd_lift_robot//worlds/models/aws_robomaker_residential_Tablet_01/meshes/aws_Tablet_01_visual.DAE
[3.627s] -- Symlinking: /home/anish/your_robot_ws/install/wd_lift_robot/share/wd_lift_robot//worlds/models/aws_robomaker_residential_Tablet_01/model.config
[3.636s] -- Symlinking: /home/anish/your_robot_ws/install/wd_lift_robot/share/wd_lift_robot//worlds/models/aws_robomaker_residential_Tablet_01/model.sdf
[3.646s] -- Symlinking: /home/anish/your_robot_ws/install/wd_lift_robot/share/wd_lift_robot//worlds/models/aws_robomaker_residential_Tableware_01/materials/textures/aws_Tableware_01.png
[3.655s] -- Symlinking: /home/anish/your_robot_ws/install/wd_lift_robot/share/wd_lift_robot//worlds/models/aws_robomaker_residential_Tableware_01/meshes/aws_Tableware_01_collision.DAE
[3.664s] -- Symlinking: /home/anish/your_robot_ws/install/wd_lift_robot/share/wd_lift_robot//worlds/models/aws_robomaker_residential_Tableware_01/meshes/aws_Tableware_01_visual.DAE
[3.674s] -- Symlinking: /home/anish/your_robot_ws/install/wd_lift_robot/share/wd_lift_robot//worlds/models/aws_robomaker_residential_Tableware_01/model.config
[3.682s] -- Symlinking: /home/anish/your_robot_ws/install/wd_lift_robot/share/wd_lift_robot//worlds/models/aws_robomaker_residential_Tableware_01/model.sdf
[3.691s] -- Symlinking: /home/anish/your_robot_ws/install/wd_lift_robot/share/wd_lift_robot//worlds/models/aws_robomaker_residential_Trash_01/materials/textures/aws_Trash_01.png
[3.701s] -- Symlinking: /home/anish/your_robot_ws/install/wd_lift_robot/share/wd_lift_robot//worlds/models/aws_robomaker_residential_Trash_01/meshes/aws_Trash_01_collision.DAE
[3.710s] -- Symlinking: /home/anish/your_robot_ws/install/wd_lift_robot/share/wd_lift_robot//worlds/models/aws_robomaker_residential_Trash_01/meshes/aws_Trash_01_visual.DAE
[3.719s] -- Symlinking: /home/anish/your_robot_ws/install/wd_lift_robot/share/wd_lift_robot//worlds/models/aws_robomaker_residential_Trash_01/model.config
[3.728s] -- Symlinking: /home/anish/your_robot_ws/install/wd_lift_robot/share/wd_lift_robot//worlds/models/aws_robomaker_residential_Trash_01/model.sdf
[3.738s] -- Symlinking: /home/anish/your_robot_ws/install/wd_lift_robot/share/wd_lift_robot//worlds/models/aws_robomaker_residential_Vase_01/materials/textures/aws_Vase_01.png
[3.746s] -- Symlinking: /home/anish/your_robot_ws/install/wd_lift_robot/share/wd_lift_robot//worlds/models/aws_robomaker_residential_Vase_01/meshes/aws_Vase_01_collision.DAE
[3.754s] -- Symlinking: /home/anish/your_robot_ws/install/wd_lift_robot/share/wd_lift_robot//worlds/models/aws_robomaker_residential_Vase_01/meshes/aws_Vase_01_visual.DAE
[3.761s] -- Symlinking: /home/anish/your_robot_ws/install/wd_lift_robot/share/wd_lift_robot//worlds/models/aws_robomaker_residential_Vase_01/model.config
[3.769s] -- Symlinking: /home/anish/your_robot_ws/install/wd_lift_robot/share/wd_lift_robot//worlds/models/aws_robomaker_residential_Vase_01/model.sdf
[3.777s] -- Symlinking: /home/anish/your_robot_ws/install/wd_lift_robot/share/wd_lift_robot//worlds/models/aws_robomaker_residential_Wardrobe_01/materials/textures/aws_Wardrobe_01.png
[3.786s] -- Symlinking: /home/anish/your_robot_ws/install/wd_lift_robot/share/wd_lift_robot//worlds/models/aws_robomaker_residential_Wardrobe_01/meshes/aws_Wardrobe_01_collision.DAE
[3.794s] -- Symlinking: /home/anish/your_robot_ws/install/wd_lift_robot/share/wd_lift_robot//worlds/models/aws_robomaker_residential_Wardrobe_01/meshes/aws_Wardrobe_01_visual.DAE
[3.802s] -- Symlinking: /home/anish/your_robot_ws/install/wd_lift_robot/share/wd_lift_robot//worlds/models/aws_robomaker_residential_Wardrobe_01/model.config
[3.809s] -- Symlinking: /home/anish/your_robot_ws/install/wd_lift_robot/share/wd_lift_robot//worlds/models/aws_robomaker_residential_Wardrobe_01/model.sdf
[3.818s] -- Symlinking: /home/anish/your_robot_ws/install/wd_lift_robot/share/wd_lift_robot//worlds/models/turtlebot3_waffle_pi/model-1_4_.sdf
[3.826s] -- Symlinking: /home/anish/your_robot_ws/install/wd_lift_robot/share/wd_lift_robot//worlds/models/turtlebot3_waffle_pi/model.config
[3.834s] -- Symlinking: /home/anish/your_robot_ws/install/wd_lift_robot/share/wd_lift_robot//worlds/models/turtlebot3_waffle_pi/model.sdf
[3.843s] -- Symlinking: /home/anish/your_robot_ws/install/wd_lift_robot/share/wd_lift_robot//worlds/photos/DeskPortraitA_01.jpg
[3.851s] -- Symlinking: /home/anish/your_robot_ws/install/wd_lift_robot/share/wd_lift_robot//worlds/photos/DeskPortraitA_02.jpg
[3.858s] -- Symlinking: /home/anish/your_robot_ws/install/wd_lift_robot/share/wd_lift_robot//worlds/photos/DeskPortraitB_01.jpg
[3.867s] -- Symlinking: /home/anish/your_robot_ws/install/wd_lift_robot/share/wd_lift_robot//worlds/photos/DeskPortraitB_02.jpg
[3.875s] -- Symlinking: /home/anish/your_robot_ws/install/wd_lift_robot/share/wd_lift_robot//worlds/photos/DeskPortraitC_01.jpg
[3.884s] -- Symlinking: /home/anish/your_robot_ws/install/wd_lift_robot/share/wd_lift_robot//worlds/photos/DeskPortraitC_02.jpg
[3.892s] -- Symlinking: /home/anish/your_robot_ws/install/wd_lift_robot/share/wd_lift_robot//worlds/photos/DeskPortraitD_01.jpg
[3.899s] -- Symlinking: /home/anish/your_robot_ws/install/wd_lift_robot/share/wd_lift_robot//worlds/photos/DeskPortraitD_02.jpg
[3.907s] -- Symlinking: /home/anish/your_robot_ws/install/wd_lift_robot/share/wd_lift_robot//worlds/photos/DeskPortraitD_03.jpg
[3.915s] -- Symlinking: /home/anish/your_robot_ws/install/wd_lift_robot/share/wd_lift_robot//worlds/photos/DeskPortraitD_04.jpg
[3.923s] -- Symlinking: /home/anish/your_robot_ws/install/wd_lift_robot/share/wd_lift_robot//worlds/photos/PortraitA_01.jpg
[3.931s] -- Symlinking: /home/anish/your_robot_ws/install/wd_lift_robot/share/wd_lift_robot//worlds/photos/PortraitA_02.jpg
[3.939s] -- Symlinking: /home/anish/your_robot_ws/install/wd_lift_robot/share/wd_lift_robot//worlds/photos/PortraitB_01.jpg
[3.947s] -- Symlinking: /home/anish/your_robot_ws/install/wd_lift_robot/share/wd_lift_robot//worlds/photos/PortraitB_02.jpg
[3.956s] -- Symlinking: /home/anish/your_robot_ws/install/wd_lift_robot/share/wd_lift_robot//worlds/photos/PortraitB_03.jpg
[3.964s] -- Symlinking: /home/anish/your_robot_ws/install/wd_lift_robot/share/wd_lift_robot//worlds/photos/PortraitC_01.jpg
[3.973s] -- Symlinking: /home/anish/your_robot_ws/install/wd_lift_robot/share/wd_lift_robot//worlds/photos/PortraitD_01.jpg
[3.981s] -- Symlinking: /home/anish/your_robot_ws/install/wd_lift_robot/share/wd_lift_robot//worlds/photos/PortraitD_02.jpg
[3.989s] -- Symlinking: /home/anish/your_robot_ws/install/wd_lift_robot/share/wd_lift_robot//worlds/photos/PortraitE_01.jpg
[3.998s] -- Symlinking: /home/anish/your_robot_ws/install/wd_lift_robot/share/wd_lift_robot//worlds/photos/PortraitE_02.jpg
[4.006s] -- Symlinking: /home/anish/your_robot_ws/install/wd_lift_robot/share/wd_lift_robot//worlds/small_house.jpg
[4.013s] -- Symlinking: /home/anish/your_robot_ws/install/wd_lift_robot/share/wd_lift_robot//worlds/small_house.world
[4.020s] -- Up-to-date symlink: /home/anish/your_robot_ws/install/wd_lift_robot/share/ament_index/resource_index/package_run_dependencies/wd_lift_robot
[4.020s] -- Up-to-date symlink: /home/anish/your_robot_ws/install/wd_lift_robot/share/ament_index/resource_index/parent_prefix_path/wd_lift_robot
[4.020s] -- Up-to-date symlink: /home/anish/your_robot_ws/install/wd_lift_robot/share/wd_lift_robot/environment/ament_prefix_path.sh
[4.021s] -- Up-to-date symlink: /home/anish/your_robot_ws/install/wd_lift_robot/share/wd_lift_robot/environment/ament_prefix_path.dsv
[4.021s] -- Up-to-date symlink: /home/anish/your_robot_ws/install/wd_lift_robot/share/wd_lift_robot/environment/path.sh
[4.021s] -- Up-to-date symlink: /home/anish/your_robot_ws/install/wd_lift_robot/share/wd_lift_robot/environment/path.dsv
[4.021s] -- Up-to-date symlink: /home/anish/your_robot_ws/install/wd_lift_robot/share/wd_lift_robot/local_setup.bash
[4.021s] -- Up-to-date symlink: /home/anish/your_robot_ws/install/wd_lift_robot/share/wd_lift_robot/local_setup.sh
[4.021s] -- Up-to-date symlink: /home/anish/your_robot_ws/install/wd_lift_robot/share/wd_lift_robot/local_setup.zsh
[4.021s] -- Up-to-date symlink: /home/anish/your_robot_ws/install/wd_lift_robot/share/wd_lift_robot/local_setup.dsv
[4.021s] -- Symlinking: /home/anish/your_robot_ws/install/wd_lift_robot/share/wd_lift_robot/package.dsv
[4.029s] -- Up-to-date symlink: /home/anish/your_robot_ws/install/wd_lift_robot/share/ament_index/resource_index/packages/wd_lift_robot
[4.029s] -- Up-to-date symlink: /home/anish/your_robot_ws/install/wd_lift_robot/share/wd_lift_robot/cmake/wd_lift_robotConfig.cmake
[4.029s] -- Up-to-date symlink: /home/anish/your_robot_ws/install/wd_lift_robot/share/wd_lift_robot/cmake/wd_lift_robotConfig-version.cmake
[4.029s] -- Up-to-date symlink: /home/anish/your_robot_ws/install/wd_lift_robot/share/wd_lift_robot/package.xml
[4.049s] Listing '/home/anish/your_robot_ws/install/wd_lift_robot/local/lib/python3.10/dist-packages/wd_lift_robot'...
[4.054s] Invoked command in '/home/anish/your_robot_ws/build/wd_lift_robot' returned '0': CMAKE_PREFIX_PATH=${CMAKE_PREFIX_PATH}:/opt/ros/humble /usr/bin/cmake --install /home/anish/your_robot_ws/build/wd_lift_robot
