[0.012s] Invoking command in '/home/anish/your_robot_ws/build/wd_lift_robot': CMAKE_PREFIX_PATH=${CMAKE_PREFIX_PATH}:/opt/ros/humble /usr/bin/cmake /home/anish/your_robot_ws/src/wd_lift_robot -DCMAKE_INSTALL_PREFIX=/home/anish/your_robot_ws/install/wd_lift_robot
[0.029s] -- Found ament_cmake: 1.3.11 (/opt/ros/humble/share/ament_cmake/cmake)
[0.145s] -- Override CMake install command with custom implementation using symlinks instead of copying resources
[0.151s] -- Found rclcpp: 16.0.12 (/opt/ros/humble/share/rclcpp/cmake)
[0.178s] -- Found rosidl_generator_c: 3.1.6 (/opt/ros/humble/share/rosidl_generator_c/cmake)
[0.179s] -- Found rosidl_adapter: 3.1.6 (/opt/ros/humble/share/rosidl_adapter/cmake)
[0.184s] -- Found rosidl_generator_cpp: 3.1.6 (/opt/ros/humble/share/rosidl_generator_cpp/cmake)
[0.192s] -- Using all available rosidl_typesupport_c: rosidl_typesupport_fastrtps_c;rosidl_typesupport_introspection_c
[0.201s] -- Using all available rosidl_typesupport_cpp: rosidl_typesupport_fastrtps_cpp;rosidl_typesupport_introspection_cpp
[0.227s] -- Found rmw_implementation_cmake: 6.1.2 (/opt/ros/humble/share/rmw_implementation_cmake/cmake)
[0.228s] -- Found rmw_cyclonedds_cpp: 1.3.4 (/opt/ros/humble/share/rmw_cyclonedds_cpp/cmake)
[0.244s] -- Using RMW implementation 'rmw_cyclonedds_cpp' as default
[0.283s] -- Found rclpy: 3.3.16 (/opt/ros/humble/share/rclpy/cmake)
[0.347s] -- Found ament_lint_auto: 0.12.12 (/opt/ros/humble/share/ament_lint_auto/cmake)
[0.433s] -- Added test 'copyright' to check source files copyright and LICENSE
[0.437s] -- Added test 'flake8' to check Python code syntax and style conventions
[0.437s] -- Added test 'lint_cmake' to check CMake code style
[0.438s] -- Added test 'pep257' to check Python code against some of the docstring style conventions in PEP 257
[0.439s] -- Added test 'xmllint' to check XML markup files
[0.441s] -- Configuring done
[0.448s] -- Generating done
[0.450s] -- Build files have been written to: /home/anish/your_robot_ws/build/wd_lift_robot
[0.469s] Invoked command in '/home/anish/your_robot_ws/build/wd_lift_robot' returned '0': CMAKE_PREFIX_PATH=${CMAKE_PREFIX_PATH}:/opt/ros/humble /usr/bin/cmake /home/anish/your_robot_ws/src/wd_lift_robot -DCMAKE_INSTALL_PREFIX=/home/anish/your_robot_ws/install/wd_lift_robot
[0.472s] Invoking command in '/home/anish/your_robot_ws/build/wd_lift_robot': CMAKE_PREFIX_PATH=${CMAKE_PREFIX_PATH}:/opt/ros/humble /usr/bin/cmake --build /home/anish/your_robot_ws/build/wd_lift_robot -- -j16 -l16
[0.577s] Built target ament_cmake_python_symlink_wd_lift_robot
[0.847s] running egg_info
[0.848s] writing wd_lift_robot.egg-info/PKG-INFO
[0.848s] writing dependency_links to wd_lift_robot.egg-info/dependency_links.txt
[0.848s] writing top-level names to wd_lift_robot.egg-info/top_level.txt
[0.850s] reading manifest file 'wd_lift_robot.egg-info/SOURCES.txt'
[0.851s] writing manifest file 'wd_lift_robot.egg-info/SOURCES.txt'
[0.886s] Built target ament_cmake_python_build_wd_lift_robot_egg
[0.902s] Invoked command in '/home/anish/your_robot_ws/build/wd_lift_robot' returned '0': CMAKE_PREFIX_PATH=${CMAKE_PREFIX_PATH}:/opt/ros/humble /usr/bin/cmake --build /home/anish/your_robot_ws/build/wd_lift_robot -- -j16 -l16
[0.916s] Invoking command in '/home/anish/your_robot_ws/build/wd_lift_robot': CMAKE_PREFIX_PATH=${CMAKE_PREFIX_PATH}:/opt/ros/humble /usr/bin/cmake --install /home/anish/your_robot_ws/build/wd_lift_robot
[0.925s] -- Install configuration: ""
[0.925s] -- Execute custom install script
[0.925s] -- Up-to-date symlink: /home/anish/your_robot_ws/install/wd_lift_robot/share/wd_lift_robot/environment/pythonpath.sh
[0.925s] -- Up-to-date symlink: /home/anish/your_robot_ws/install/wd_lift_robot/share/wd_lift_robot/environment/pythonpath.dsv
[0.926s] -- Up-to-date symlink: /home/anish/your_robot_ws/install/wd_lift_robot/local/lib/python3.10/dist-packages/wd_lift_robot-0.0.0-py3.10.egg-info/PKG-INFO
[0.926s] -- Up-to-date symlink: /home/anish/your_robot_ws/install/wd_lift_robot/local/lib/python3.10/dist-packages/wd_lift_robot-0.0.0-py3.10.egg-info/SOURCES.txt
[0.926s] -- Up-to-date symlink: /home/anish/your_robot_ws/install/wd_lift_robot/local/lib/python3.10/dist-packages/wd_lift_robot-0.0.0-py3.10.egg-info/dependency_links.txt
[0.926s] -- Up-to-date symlink: /home/anish/your_robot_ws/install/wd_lift_robot/local/lib/python3.10/dist-packages/wd_lift_robot-0.0.0-py3.10.egg-info/top_level.txt
[0.926s] -- Up-to-date symlink: /home/anish/your_robot_ws/install/wd_lift_robot/local/lib/python3.10/dist-packages/wd_lift_robot/__init__.py
[0.926s] -- Up-to-date symlink: /home/anish/your_robot_ws/install/wd_lift_robot/local/lib/python3.10/dist-packages/wd_lift_robot/teleop_node.py
[0.926s] -- Up-to-date symlink: /home/anish/your_robot_ws/install/wd_lift_robot/lib/wd_lift_robot/teleop_node.py
[0.927s] -- Up-to-date symlink: /home/anish/your_robot_ws/install/wd_lift_robot/share/wd_lift_robot//launch/complete_robot.launch.py
[0.927s] -- Up-to-date symlink: /home/anish/your_robot_ws/install/wd_lift_robot/share/wd_lift_robot//launch/gazebo.launch.py
[0.927s] -- Up-to-date symlink: /home/anish/your_robot_ws/install/wd_lift_robot/share/wd_lift_robot//launch/navigation.launch.py
[0.927s] -- Up-to-date symlink: /home/anish/your_robot_ws/install/wd_lift_robot/share/wd_lift_robot//launch/robot_state_publisher.launch.py
[0.927s] -- Up-to-date symlink: /home/anish/your_robot_ws/install/wd_lift_robot/share/wd_lift_robot//launch/slam.launch.py
[0.927s] -- Up-to-date symlink: /home/anish/your_robot_ws/install/wd_lift_robot/share/wd_lift_robot//config/cartographer.lua
[0.927s] -- Up-to-date symlink: /home/anish/your_robot_ws/install/wd_lift_robot/share/wd_lift_robot//config/controllers.yaml
[0.927s] -- Up-to-date symlink: /home/anish/your_robot_ws/install/wd_lift_robot/share/wd_lift_robot//config/nav2_params.yaml
[0.927s] -- Up-to-date symlink: /home/anish/your_robot_ws/install/wd_lift_robot/share/wd_lift_robot//config/robot_view.rviz
[0.928s] -- Up-to-date symlink: /home/anish/your_robot_ws/install/wd_lift_robot/share/wd_lift_robot//config/slam_toolbox_params.yaml
[0.928s] -- Up-to-date symlink: /home/anish/your_robot_ws/install/wd_lift_robot/share/wd_lift_robot//urdf/robot.urdf.xacro
[0.928s] -- Up-to-date symlink: /home/anish/your_robot_ws/install/wd_lift_robot/share/ament_index/resource_index/package_run_dependencies/wd_lift_robot
[0.928s] -- Up-to-date symlink: /home/anish/your_robot_ws/install/wd_lift_robot/share/ament_index/resource_index/parent_prefix_path/wd_lift_robot
[0.928s] -- Up-to-date symlink: /home/anish/your_robot_ws/install/wd_lift_robot/share/wd_lift_robot/environment/ament_prefix_path.sh
[0.928s] -- Up-to-date symlink: /home/anish/your_robot_ws/install/wd_lift_robot/share/wd_lift_robot/environment/ament_prefix_path.dsv
[0.928s] -- Up-to-date symlink: /home/anish/your_robot_ws/install/wd_lift_robot/share/wd_lift_robot/environment/path.sh
[0.929s] -- Up-to-date symlink: /home/anish/your_robot_ws/install/wd_lift_robot/share/wd_lift_robot/environment/path.dsv
[0.929s] -- Up-to-date symlink: /home/anish/your_robot_ws/install/wd_lift_robot/share/wd_lift_robot/local_setup.bash
[0.929s] -- Up-to-date symlink: /home/anish/your_robot_ws/install/wd_lift_robot/share/wd_lift_robot/local_setup.sh
[0.929s] -- Up-to-date symlink: /home/anish/your_robot_ws/install/wd_lift_robot/share/wd_lift_robot/local_setup.zsh
[0.929s] -- Up-to-date symlink: /home/anish/your_robot_ws/install/wd_lift_robot/share/wd_lift_robot/local_setup.dsv
[0.929s] -- Symlinking: /home/anish/your_robot_ws/install/wd_lift_robot/share/wd_lift_robot/package.dsv
[0.942s] -- Up-to-date symlink: /home/anish/your_robot_ws/install/wd_lift_robot/share/ament_index/resource_index/packages/wd_lift_robot
[0.943s] -- Up-to-date symlink: /home/anish/your_robot_ws/install/wd_lift_robot/share/wd_lift_robot/cmake/wd_lift_robotConfig.cmake
[0.943s] -- Up-to-date symlink: /home/anish/your_robot_ws/install/wd_lift_robot/share/wd_lift_robot/cmake/wd_lift_robotConfig-version.cmake
[0.943s] -- Up-to-date symlink: /home/anish/your_robot_ws/install/wd_lift_robot/share/wd_lift_robot/package.xml
[0.975s] Listing '/home/anish/your_robot_ws/install/wd_lift_robot/local/lib/python3.10/dist-packages/wd_lift_robot'...
[0.975s] Compiling '/home/anish/your_robot_ws/install/wd_lift_robot/local/lib/python3.10/dist-packages/wd_lift_robot/teleop_node.py'...
[0.983s] Invoked command in '/home/anish/your_robot_ws/build/wd_lift_robot' returned '0': CMAKE_PREFIX_PATH=${CMAKE_PREFIX_PATH}:/opt/ros/humble /usr/bin/cmake --install /home/anish/your_robot_ws/build/wd_lift_robot
