[0.013s] Invoking command in '/home/anish/your_robot_ws/build/wd_lift_robot': CMAKE_PREFIX_PATH=${CMAKE_PREFIX_PATH}:/opt/ros/humble /usr/bin/cmake /home/anish/your_robot_ws/src/wd_lift_robot -DAMENT_CMAKE_SYMLINK_INSTALL=1 -DCMAKE_INSTALL_PREFIX=/home/anish/your_robot_ws/install/wd_lift_robot
[0.133s] -- The C compiler identification is GNU 11.4.0
[0.242s] -- The CXX compiler identification is GNU 11.4.0
[0.256s] -- Detecting C compiler ABI info
[0.359s] -- Detecting C compiler ABI info - done
[0.363s] -- Check for working C compiler: /usr/bin/cc - skipped
[0.364s] -- Detecting C compile features
[0.364s] -- Detecting C compile features - done
[0.368s] -- Detecting CXX compiler ABI info
[0.460s] -- Detecting CXX compiler ABI info - done
[0.465s] -- Check for working CXX compiler: /usr/bin/c++ - skipped
[0.465s] -- Detecting CXX compile features
[0.466s] -- Detecting CXX compile features - done
[0.470s] -- Found ament_cmake: 1.3.11 (/opt/ros/humble/share/ament_cmake/cmake)
[0.616s] -- Found Python3: /usr/bin/python3 (found version "3.10.12") found components: Interpreter 
[0.683s] -- Override CMake install command with custom implementation using symlinks instead of copying resources
[0.723s] -- Found rclcpp: 16.0.12 (/opt/ros/humble/share/rclcpp/cmake)
[0.771s] -- Found rosidl_generator_c: 3.1.6 (/opt/ros/humble/share/rosidl_generator_c/cmake)
[0.777s] -- Found rosidl_adapter: 3.1.6 (/opt/ros/humble/share/rosidl_adapter/cmake)
[0.786s] -- Found rosidl_generator_cpp: 3.1.6 (/opt/ros/humble/share/rosidl_generator_cpp/cmake)
[0.798s] -- Using all available rosidl_typesupport_c: rosidl_typesupport_fastrtps_c;rosidl_typesupport_introspection_c
[0.815s] -- Using all available rosidl_typesupport_cpp: rosidl_typesupport_fastrtps_cpp;rosidl_typesupport_introspection_cpp
[0.862s] -- Found rmw_implementation_cmake: 6.1.2 (/opt/ros/humble/share/rmw_implementation_cmake/cmake)
[0.866s] -- Found rmw_cyclonedds_cpp: 1.3.4 (/opt/ros/humble/share/rmw_cyclonedds_cpp/cmake)
[0.890s] -- Using RMW implementation 'rmw_cyclonedds_cpp' as default
[0.900s] -- Looking for pthread.h
[0.968s] -- Looking for pthread.h - found
[0.968s] -- Performing Test CMAKE_HAVE_LIBC_PTHREAD
[1.037s] -- Performing Test CMAKE_HAVE_LIBC_PTHREAD - Success
[1.038s] -- Found Threads: TRUE  
[1.090s] -- Found rclpy: 3.3.16 (/opt/ros/humble/share/rclpy/cmake)
[1.151s] -- Found ament_lint_auto: 0.12.12 (/opt/ros/humble/share/ament_lint_auto/cmake)
[1.215s] -- Added test 'copyright' to check source files copyright and LICENSE
[1.218s] -- Added test 'flake8' to check Python code syntax and style conventions
[1.219s] -- Added test 'lint_cmake' to check CMake code style
[1.220s] -- Added test 'pep257' to check Python code against some of the docstring style conventions in PEP 257
[1.221s] -- Added test 'xmllint' to check XML markup files
[1.222s] -- Configuring done
[1.226s] -- Generating done
[1.228s] -- Build files have been written to: /home/anish/your_robot_ws/build/wd_lift_robot
[1.235s] Invoked command in '/home/anish/your_robot_ws/build/wd_lift_robot' returned '0': CMAKE_PREFIX_PATH=${CMAKE_PREFIX_PATH}:/opt/ros/humble /usr/bin/cmake /home/anish/your_robot_ws/src/wd_lift_robot -DAMENT_CMAKE_SYMLINK_INSTALL=1 -DCMAKE_INSTALL_PREFIX=/home/anish/your_robot_ws/install/wd_lift_robot
[1.236s] Invoking command in '/home/anish/your_robot_ws/build/wd_lift_robot': CMAKE_PREFIX_PATH=${CMAKE_PREFIX_PATH}:/opt/ros/humble /usr/bin/cmake --build /home/anish/your_robot_ws/build/wd_lift_robot -- -j16 -l16
[1.285s] Built target ament_cmake_python_symlink_wd_lift_robot
[1.437s] running egg_info
[1.438s] creating wd_lift_robot.egg-info
[1.438s] writing wd_lift_robot.egg-info/PKG-INFO
[1.438s] writing dependency_links to wd_lift_robot.egg-info/dependency_links.txt
[1.438s] writing top-level names to wd_lift_robot.egg-info/top_level.txt
[1.438s] writing manifest file 'wd_lift_robot.egg-info/SOURCES.txt'
[1.439s] reading manifest file 'wd_lift_robot.egg-info/SOURCES.txt'
[1.440s] writing manifest file 'wd_lift_robot.egg-info/SOURCES.txt'
[1.460s] Built target ament_cmake_python_build_wd_lift_robot_egg
[1.471s] Invoked command in '/home/anish/your_robot_ws/build/wd_lift_robot' returned '0': CMAKE_PREFIX_PATH=${CMAKE_PREFIX_PATH}:/opt/ros/humble /usr/bin/cmake --build /home/anish/your_robot_ws/build/wd_lift_robot -- -j16 -l16
[1.479s] Invoking command in '/home/anish/your_robot_ws/build/wd_lift_robot': CMAKE_PREFIX_PATH=${CMAKE_PREFIX_PATH}:/opt/ros/humble /usr/bin/cmake --install /home/anish/your_robot_ws/build/wd_lift_robot
[1.485s] -- Install configuration: ""
[1.486s] -- Execute custom install script
[1.486s] -- Symlinking: /home/anish/your_robot_ws/install/wd_lift_robot/share/wd_lift_robot/environment/pythonpath.sh
[1.495s] -- Symlinking: /home/anish/your_robot_ws/install/wd_lift_robot/share/wd_lift_robot/environment/pythonpath.dsv
[1.503s] -- Symlinking: /home/anish/your_robot_ws/install/wd_lift_robot/local/lib/python3.10/dist-packages/wd_lift_robot-0.0.0-py3.10.egg-info/PKG-INFO
[1.512s] -- Symlinking: /home/anish/your_robot_ws/install/wd_lift_robot/local/lib/python3.10/dist-packages/wd_lift_robot-0.0.0-py3.10.egg-info/SOURCES.txt
[1.520s] -- Symlinking: /home/anish/your_robot_ws/install/wd_lift_robot/local/lib/python3.10/dist-packages/wd_lift_robot-0.0.0-py3.10.egg-info/dependency_links.txt
[1.528s] -- Symlinking: /home/anish/your_robot_ws/install/wd_lift_robot/local/lib/python3.10/dist-packages/wd_lift_robot-0.0.0-py3.10.egg-info/top_level.txt
[1.536s] -- Symlinking: /home/anish/your_robot_ws/install/wd_lift_robot/local/lib/python3.10/dist-packages/wd_lift_robot/__init__.py
[1.543s] -- Symlinking: /home/anish/your_robot_ws/install/wd_lift_robot/local/lib/python3.10/dist-packages/wd_lift_robot/teleop_node.py
[1.551s] -- Symlinking: /home/anish/your_robot_ws/install/wd_lift_robot/lib/wd_lift_robot/teleop_node.py
[1.559s] -- Symlinking: /home/anish/your_robot_ws/install/wd_lift_robot/share/wd_lift_robot//launch/complete_robot.launch.py
[1.567s] -- Symlinking: /home/anish/your_robot_ws/install/wd_lift_robot/share/wd_lift_robot//launch/gazebo.launch.py
[1.575s] -- Symlinking: /home/anish/your_robot_ws/install/wd_lift_robot/share/wd_lift_robot//launch/navigation.launch.py
[1.583s] -- Symlinking: /home/anish/your_robot_ws/install/wd_lift_robot/share/wd_lift_robot//launch/robot_state_publisher.launch.py
[1.590s] -- Symlinking: /home/anish/your_robot_ws/install/wd_lift_robot/share/wd_lift_robot//launch/slam.launch.py
[1.598s] -- Symlinking: /home/anish/your_robot_ws/install/wd_lift_robot/share/wd_lift_robot//config/cartographer.lua
[1.605s] -- Symlinking: /home/anish/your_robot_ws/install/wd_lift_robot/share/wd_lift_robot//config/controllers.yaml
[1.614s] -- Symlinking: /home/anish/your_robot_ws/install/wd_lift_robot/share/wd_lift_robot//config/nav2_params.yaml
[1.622s] -- Symlinking: /home/anish/your_robot_ws/install/wd_lift_robot/share/wd_lift_robot//config/robot_view.rviz
[1.630s] -- Symlinking: /home/anish/your_robot_ws/install/wd_lift_robot/share/wd_lift_robot//config/slam_toolbox_params.yaml
[1.639s] -- Symlinking: /home/anish/your_robot_ws/install/wd_lift_robot/share/wd_lift_robot//urdf/robot.urdf.xacro
[1.647s] -- Symlinking: /home/anish/your_robot_ws/install/wd_lift_robot/share/ament_index/resource_index/package_run_dependencies/wd_lift_robot
[1.655s] -- Symlinking: /home/anish/your_robot_ws/install/wd_lift_robot/share/ament_index/resource_index/parent_prefix_path/wd_lift_robot
[1.665s] -- Symlinking: /home/anish/your_robot_ws/install/wd_lift_robot/share/wd_lift_robot/environment/ament_prefix_path.sh
[1.673s] -- Symlinking: /home/anish/your_robot_ws/install/wd_lift_robot/share/wd_lift_robot/environment/ament_prefix_path.dsv
[1.681s] -- Symlinking: /home/anish/your_robot_ws/install/wd_lift_robot/share/wd_lift_robot/environment/path.sh
[1.690s] -- Symlinking: /home/anish/your_robot_ws/install/wd_lift_robot/share/wd_lift_robot/environment/path.dsv
[1.699s] -- Symlinking: /home/anish/your_robot_ws/install/wd_lift_robot/share/wd_lift_robot/local_setup.bash
[1.708s] -- Symlinking: /home/anish/your_robot_ws/install/wd_lift_robot/share/wd_lift_robot/local_setup.sh
[1.717s] -- Symlinking: /home/anish/your_robot_ws/install/wd_lift_robot/share/wd_lift_robot/local_setup.zsh
[1.726s] -- Symlinking: /home/anish/your_robot_ws/install/wd_lift_robot/share/wd_lift_robot/local_setup.dsv
[1.734s] -- Symlinking: /home/anish/your_robot_ws/install/wd_lift_robot/share/wd_lift_robot/package.dsv
[1.743s] -- Symlinking: /home/anish/your_robot_ws/install/wd_lift_robot/share/ament_index/resource_index/packages/wd_lift_robot
[1.751s] -- Symlinking: /home/anish/your_robot_ws/install/wd_lift_robot/share/wd_lift_robot/cmake/wd_lift_robotConfig.cmake
[1.761s] -- Symlinking: /home/anish/your_robot_ws/install/wd_lift_robot/share/wd_lift_robot/cmake/wd_lift_robotConfig-version.cmake
[1.769s] -- Symlinking: /home/anish/your_robot_ws/install/wd_lift_robot/share/wd_lift_robot/package.xml
[1.802s] Listing '/home/anish/your_robot_ws/install/wd_lift_robot/local/lib/python3.10/dist-packages/wd_lift_robot'...
[1.802s] Compiling '/home/anish/your_robot_ws/install/wd_lift_robot/local/lib/python3.10/dist-packages/wd_lift_robot/__init__.py'...
[1.802s] Compiling '/home/anish/your_robot_ws/install/wd_lift_robot/local/lib/python3.10/dist-packages/wd_lift_robot/teleop_node.py'...
[1.809s] Invoked command in '/home/anish/your_robot_ws/build/wd_lift_robot' returned '0': CMAKE_PREFIX_PATH=${CMAKE_PREFIX_PATH}:/opt/ros/humble /usr/bin/cmake --install /home/anish/your_robot_ws/build/wd_lift_robot
