[0.013s] Invoking command in '/home/anish/your_robot_ws/build/wd_lift_robot': CMAKE_PREFIX_PATH=${CMAKE_PREFIX_PATH}:/opt/ros/humble /usr/bin/cmake --build /home/anish/your_robot_ws/build/wd_lift_robot -- -j16 -l16
[0.085s] Built target ament_cmake_python_symlink_wd_lift_robot
[0.301s] running egg_info
[0.302s] writing wd_lift_robot.egg-info/PKG-INFO
[0.302s] writing dependency_links to wd_lift_robot.egg-info/dependency_links.txt
[0.302s] writing top-level names to wd_lift_robot.egg-info/top_level.txt
[0.304s] reading manifest file 'wd_lift_robot.egg-info/SOURCES.txt'
[0.304s] writing manifest file 'wd_lift_robot.egg-info/SOURCES.txt'
[0.341s] Built target ament_cmake_python_build_wd_lift_robot_egg
[0.358s] Invoked command in '/home/anish/your_robot_ws/build/wd_lift_robot' returned '0': CMAKE_PREFIX_PATH=${CMAKE_PREFIX_PATH}:/opt/ros/humble /usr/bin/cmake --build /home/anish/your_robot_ws/build/wd_lift_robot -- -j16 -l16
[0.372s] Invoking command in '/home/anish/your_robot_ws/build/wd_lift_robot': CMAKE_PREFIX_PATH=${CMAKE_PREFIX_PATH}:/opt/ros/humble /usr/bin/cmake --install /home/anish/your_robot_ws/build/wd_lift_robot
[0.385s] -- Install configuration: ""
[0.385s] -- Execute custom install script
[0.386s] -- Up-to-date symlink: /home/anish/your_robot_ws/install/wd_lift_robot/share/wd_lift_robot/environment/pythonpath.sh
[0.386s] -- Up-to-date symlink: /home/anish/your_robot_ws/install/wd_lift_robot/share/wd_lift_robot/environment/pythonpath.dsv
[0.386s] -- Up-to-date symlink: /home/anish/your_robot_ws/install/wd_lift_robot/local/lib/python3.10/dist-packages/wd_lift_robot-0.0.0-py3.10.egg-info/PKG-INFO
[0.386s] -- Up-to-date symlink: /home/anish/your_robot_ws/install/wd_lift_robot/local/lib/python3.10/dist-packages/wd_lift_robot-0.0.0-py3.10.egg-info/SOURCES.txt
[0.386s] -- Up-to-date symlink: /home/anish/your_robot_ws/install/wd_lift_robot/local/lib/python3.10/dist-packages/wd_lift_robot-0.0.0-py3.10.egg-info/dependency_links.txt
[0.386s] -- Up-to-date symlink: /home/anish/your_robot_ws/install/wd_lift_robot/local/lib/python3.10/dist-packages/wd_lift_robot-0.0.0-py3.10.egg-info/top_level.txt
[0.387s] -- Up-to-date symlink: /home/anish/your_robot_ws/install/wd_lift_robot/local/lib/python3.10/dist-packages/wd_lift_robot/__init__.py
[0.387s] -- Up-to-date symlink: /home/anish/your_robot_ws/install/wd_lift_robot/local/lib/python3.10/dist-packages/wd_lift_robot/teleop_node.py
[0.387s] -- Up-to-date symlink: /home/anish/your_robot_ws/install/wd_lift_robot/lib/wd_lift_robot/teleop_node.py
[0.387s] -- Up-to-date symlink: /home/anish/your_robot_ws/install/wd_lift_robot/share/wd_lift_robot//launch/complete_robot.launch.py
[0.387s] -- Up-to-date symlink: /home/anish/your_robot_ws/install/wd_lift_robot/share/wd_lift_robot//launch/gazebo.launch.py
[0.387s] -- Up-to-date symlink: /home/anish/your_robot_ws/install/wd_lift_robot/share/wd_lift_robot//launch/navigation.launch.py
[0.387s] -- Up-to-date symlink: /home/anish/your_robot_ws/install/wd_lift_robot/share/wd_lift_robot//launch/robot_state_publisher.launch.py
[0.387s] -- Up-to-date symlink: /home/anish/your_robot_ws/install/wd_lift_robot/share/wd_lift_robot//launch/slam.launch.py
[0.388s] -- Up-to-date symlink: /home/anish/your_robot_ws/install/wd_lift_robot/share/wd_lift_robot//config/cartographer.lua
[0.388s] -- Up-to-date symlink: /home/anish/your_robot_ws/install/wd_lift_robot/share/wd_lift_robot//config/controllers.yaml
[0.388s] -- Up-to-date symlink: /home/anish/your_robot_ws/install/wd_lift_robot/share/wd_lift_robot//config/nav2_params.yaml
[0.388s] -- Up-to-date symlink: /home/anish/your_robot_ws/install/wd_lift_robot/share/wd_lift_robot//config/robot_view.rviz
[0.388s] -- Up-to-date symlink: /home/anish/your_robot_ws/install/wd_lift_robot/share/wd_lift_robot//config/slam_toolbox_params.yaml
[0.388s] -- Up-to-date symlink: /home/anish/your_robot_ws/install/wd_lift_robot/share/wd_lift_robot//urdf/robot.urdf.xacro
[0.389s] -- Up-to-date symlink: /home/anish/your_robot_ws/install/wd_lift_robot/share/ament_index/resource_index/package_run_dependencies/wd_lift_robot
[0.389s] -- Up-to-date symlink: /home/anish/your_robot_ws/install/wd_lift_robot/share/ament_index/resource_index/parent_prefix_path/wd_lift_robot
[0.389s] -- Up-to-date symlink: /home/anish/your_robot_ws/install/wd_lift_robot/share/wd_lift_robot/environment/ament_prefix_path.sh
[0.389s] -- Up-to-date symlink: /home/anish/your_robot_ws/install/wd_lift_robot/share/wd_lift_robot/environment/ament_prefix_path.dsv
[0.389s] -- Up-to-date symlink: /home/anish/your_robot_ws/install/wd_lift_robot/share/wd_lift_robot/environment/path.sh
[0.389s] -- Up-to-date symlink: /home/anish/your_robot_ws/install/wd_lift_robot/share/wd_lift_robot/environment/path.dsv
[0.389s] -- Up-to-date symlink: /home/anish/your_robot_ws/install/wd_lift_robot/share/wd_lift_robot/local_setup.bash
[0.389s] -- Up-to-date symlink: /home/anish/your_robot_ws/install/wd_lift_robot/share/wd_lift_robot/local_setup.sh
[0.390s] -- Up-to-date symlink: /home/anish/your_robot_ws/install/wd_lift_robot/share/wd_lift_robot/local_setup.zsh
[0.390s] -- Up-to-date symlink: /home/anish/your_robot_ws/install/wd_lift_robot/share/wd_lift_robot/local_setup.dsv
[0.390s] -- Symlinking: /home/anish/your_robot_ws/install/wd_lift_robot/share/wd_lift_robot/package.dsv
[0.404s] -- Up-to-date symlink: /home/anish/your_robot_ws/install/wd_lift_robot/share/ament_index/resource_index/packages/wd_lift_robot
[0.404s] -- Up-to-date symlink: /home/anish/your_robot_ws/install/wd_lift_robot/share/wd_lift_robot/cmake/wd_lift_robotConfig.cmake
[0.404s] -- Up-to-date symlink: /home/anish/your_robot_ws/install/wd_lift_robot/share/wd_lift_robot/cmake/wd_lift_robotConfig-version.cmake
[0.404s] -- Up-to-date symlink: /home/anish/your_robot_ws/install/wd_lift_robot/share/wd_lift_robot/package.xml
[0.440s] Listing '/home/anish/your_robot_ws/install/wd_lift_robot/local/lib/python3.10/dist-packages/wd_lift_robot'...
[0.440s] Compiling '/home/anish/your_robot_ws/install/wd_lift_robot/local/lib/python3.10/dist-packages/wd_lift_robot/teleop_node.py'...
[0.452s] Invoked command in '/home/anish/your_robot_ws/build/wd_lift_robot' returned '0': CMAKE_PREFIX_PATH=${CMAKE_PREFIX_PATH}:/opt/ros/humble /usr/bin/cmake --install /home/anish/your_robot_ws/build/wd_lift_robot
