[0.010s] Invoking command in '/home/anish/your_robot_ws/build/wd_lift_robot': CMAKE_PREFIX_PATH=${CMAKE_PREFIX_PATH}:/opt/ros/humble /usr/bin/cmake /home/anish/your_robot_ws/src/wd_lift_robot -DCMAKE_INSTALL_PREFIX=/home/anish/your_robot_ws/install/wd_lift_robot
[0.073s] -- The C compiler identification is GNU 11.4.0
[0.135s] -- The CXX compiler identification is GNU 11.4.0
[0.141s] -- Detecting C compiler ABI info
[0.206s] -- Detecting C compiler ABI info - done
[0.211s] -- Check for working C compiler: /usr/bin/cc - skipped
[0.211s] -- Detecting C compile features
[0.211s] -- Detecting C compile features - done
[0.213s] -- Detecting CXX compiler ABI info
[0.284s] -- Detecting CXX compiler ABI info - done
[0.288s] -- Check for working CXX compiler: /usr/bin/c++ - skipped
[0.288s] -- Detecting CXX compile features
[0.289s] -- Detecting CXX compile features - done
[0.292s] -- Found ament_cmake: 1.3.11 (/opt/ros/humble/share/ament_cmake/cmake)
[0.415s] -- Found Python3: /usr/bin/python3 (found version "3.10.12") found components: Interpreter 
[0.502s] -- Found rclcpp: 16.0.12 (/opt/ros/humble/share/rclcpp/cmake)
[0.551s] -- Found rosidl_generator_c: 3.1.6 (/opt/ros/humble/share/rosidl_generator_c/cmake)
[0.558s] -- Found rosidl_adapter: 3.1.6 (/opt/ros/humble/share/rosidl_adapter/cmake)
[0.566s] -- Found rosidl_generator_cpp: 3.1.6 (/opt/ros/humble/share/rosidl_generator_cpp/cmake)
[0.578s] -- Using all available rosidl_typesupport_c: rosidl_typesupport_fastrtps_c;rosidl_typesupport_introspection_c
[0.594s] -- Using all available rosidl_typesupport_cpp: rosidl_typesupport_fastrtps_cpp;rosidl_typesupport_introspection_cpp
[0.642s] -- Found rmw_implementation_cmake: 6.1.2 (/opt/ros/humble/share/rmw_implementation_cmake/cmake)
[0.645s] -- Found rmw_cyclonedds_cpp: 1.3.4 (/opt/ros/humble/share/rmw_cyclonedds_cpp/cmake)
[0.668s] -- Using RMW implementation 'rmw_cyclonedds_cpp' as default
[0.678s] -- Looking for pthread.h
[0.746s] -- Looking for pthread.h - found
[0.746s] -- Performing Test CMAKE_HAVE_LIBC_PTHREAD
[0.814s] -- Performing Test CMAKE_HAVE_LIBC_PTHREAD - Success
[0.814s] -- Found Threads: TRUE  
[0.857s] -- Found rclpy: 3.3.16 (/opt/ros/humble/share/rclpy/cmake)
[0.922s] -- Found ament_lint_auto: 0.12.12 (/opt/ros/humble/share/ament_lint_auto/cmake)
[0.996s] -- Added test 'copyright' to check source files copyright and LICENSE
[0.999s] -- Added test 'flake8' to check Python code syntax and style conventions
[1.000s] -- Added test 'lint_cmake' to check CMake code style
[1.000s] -- Added test 'pep257' to check Python code against some of the docstring style conventions in PEP 257
[1.002s] -- Added test 'xmllint' to check XML markup files
[1.003s] -- Configuring done
[1.007s] -- Generating done
[1.009s] -- Build files have been written to: /home/anish/your_robot_ws/build/wd_lift_robot
[1.017s] Invoked command in '/home/anish/your_robot_ws/build/wd_lift_robot' returned '0': CMAKE_PREFIX_PATH=${CMAKE_PREFIX_PATH}:/opt/ros/humble /usr/bin/cmake /home/anish/your_robot_ws/src/wd_lift_robot -DCMAKE_INSTALL_PREFIX=/home/anish/your_robot_ws/install/wd_lift_robot
[1.018s] Invoking command in '/home/anish/your_robot_ws/build/wd_lift_robot': CMAKE_PREFIX_PATH=${CMAKE_PREFIX_PATH}:/opt/ros/humble /usr/bin/cmake --build /home/anish/your_robot_ws/build/wd_lift_robot -- -j16 -l16
[1.076s] Built target ament_cmake_python_copy_wd_lift_robot
[1.244s] running egg_info
[1.244s] creating wd_lift_robot.egg-info
[1.244s] writing wd_lift_robot.egg-info/PKG-INFO
[1.245s] writing dependency_links to wd_lift_robot.egg-info/dependency_links.txt
[1.245s] writing top-level names to wd_lift_robot.egg-info/top_level.txt
[1.245s] writing manifest file 'wd_lift_robot.egg-info/SOURCES.txt'
[1.246s] reading manifest file 'wd_lift_robot.egg-info/SOURCES.txt'
[1.246s] writing manifest file 'wd_lift_robot.egg-info/SOURCES.txt'
[1.271s] Built target ament_cmake_python_build_wd_lift_robot_egg
[1.282s] Invoked command in '/home/anish/your_robot_ws/build/wd_lift_robot' returned '0': CMAKE_PREFIX_PATH=${CMAKE_PREFIX_PATH}:/opt/ros/humble /usr/bin/cmake --build /home/anish/your_robot_ws/build/wd_lift_robot -- -j16 -l16
[1.292s] Invoking command in '/home/anish/your_robot_ws/build/wd_lift_robot': CMAKE_PREFIX_PATH=${CMAKE_PREFIX_PATH}:/opt/ros/humble /usr/bin/cmake --install /home/anish/your_robot_ws/build/wd_lift_robot
[1.299s] -- Install configuration: ""
[1.300s] -- Installing: /home/anish/your_robot_ws/install/wd_lift_robot/share/wd_lift_robot/environment/pythonpath.sh
[1.300s] -- Installing: /home/anish/your_robot_ws/install/wd_lift_robot/share/wd_lift_robot/environment/pythonpath.dsv
[1.300s] -- Installing: /home/anish/your_robot_ws/install/wd_lift_robot/local/lib/python3.10/dist-packages/wd_lift_robot-0.0.0-py3.10.egg-info
[1.300s] -- Installing: /home/anish/your_robot_ws/install/wd_lift_robot/local/lib/python3.10/dist-packages/wd_lift_robot-0.0.0-py3.10.egg-info/SOURCES.txt
[1.300s] -- Installing: /home/anish/your_robot_ws/install/wd_lift_robot/local/lib/python3.10/dist-packages/wd_lift_robot-0.0.0-py3.10.egg-info/PKG-INFO
[1.300s] -- Installing: /home/anish/your_robot_ws/install/wd_lift_robot/local/lib/python3.10/dist-packages/wd_lift_robot-0.0.0-py3.10.egg-info/dependency_links.txt
[1.300s] -- Installing: /home/anish/your_robot_ws/install/wd_lift_robot/local/lib/python3.10/dist-packages/wd_lift_robot-0.0.0-py3.10.egg-info/top_level.txt
[1.300s] -- Installing: /home/anish/your_robot_ws/install/wd_lift_robot/local/lib/python3.10/dist-packages/wd_lift_robot
[1.300s] -- Installing: /home/anish/your_robot_ws/install/wd_lift_robot/local/lib/python3.10/dist-packages/wd_lift_robot/__init__.py
[1.301s] -- Installing: /home/anish/your_robot_ws/install/wd_lift_robot/local/lib/python3.10/dist-packages/wd_lift_robot/teleop_node.py
[1.326s] Listing '/home/anish/your_robot_ws/install/wd_lift_robot/local/lib/python3.10/dist-packages/wd_lift_robot'...
[1.326s] Compiling '/home/anish/your_robot_ws/install/wd_lift_robot/local/lib/python3.10/dist-packages/wd_lift_robot/__init__.py'...
[1.326s] Compiling '/home/anish/your_robot_ws/install/wd_lift_robot/local/lib/python3.10/dist-packages/wd_lift_robot/teleop_node.py'...
[1.330s] -- Installing: /home/anish/your_robot_ws/install/wd_lift_robot/lib/wd_lift_robot/teleop_node.py
[1.330s] -- Installing: /home/anish/your_robot_ws/install/wd_lift_robot/share/wd_lift_robot//launch
[1.330s] -- Installing: /home/anish/your_robot_ws/install/wd_lift_robot/share/wd_lift_robot//launch/complete_robot.launch.py
[1.330s] -- Installing: /home/anish/your_robot_ws/install/wd_lift_robot/share/wd_lift_robot//launch/gazebo.launch.py
[1.330s] -- Installing: /home/anish/your_robot_ws/install/wd_lift_robot/share/wd_lift_robot//launch/slam.launch.py
[1.331s] -- Installing: /home/anish/your_robot_ws/install/wd_lift_robot/share/wd_lift_robot//launch/navigation.launch.py
[1.331s] -- Installing: /home/anish/your_robot_ws/install/wd_lift_robot/share/wd_lift_robot//launch/robot_state_publisher.launch.py
[1.331s] -- Installing: /home/anish/your_robot_ws/install/wd_lift_robot/share/wd_lift_robot//config
[1.331s] -- Installing: /home/anish/your_robot_ws/install/wd_lift_robot/share/wd_lift_robot//config/robot_view.rviz
[1.331s] -- Installing: /home/anish/your_robot_ws/install/wd_lift_robot/share/wd_lift_robot//config/cartographer.lua
[1.331s] -- Installing: /home/anish/your_robot_ws/install/wd_lift_robot/share/wd_lift_robot//config/nav2_params.yaml
[1.331s] -- Installing: /home/anish/your_robot_ws/install/wd_lift_robot/share/wd_lift_robot//config/slam_toolbox_params.yaml
[1.331s] -- Installing: /home/anish/your_robot_ws/install/wd_lift_robot/share/wd_lift_robot//config/controllers.yaml
[1.331s] -- Installing: /home/anish/your_robot_ws/install/wd_lift_robot/share/wd_lift_robot//urdf
[1.331s] -- Installing: /home/anish/your_robot_ws/install/wd_lift_robot/share/wd_lift_robot//urdf/robot.urdf.xacro
[1.331s] -- Installing: /home/anish/your_robot_ws/install/wd_lift_robot/share/ament_index/resource_index/package_run_dependencies/wd_lift_robot
[1.332s] -- Installing: /home/anish/your_robot_ws/install/wd_lift_robot/share/ament_index/resource_index/parent_prefix_path/wd_lift_robot
[1.332s] -- Installing: /home/anish/your_robot_ws/install/wd_lift_robot/share/wd_lift_robot/environment/ament_prefix_path.sh
[1.332s] -- Installing: /home/anish/your_robot_ws/install/wd_lift_robot/share/wd_lift_robot/environment/ament_prefix_path.dsv
[1.332s] -- Installing: /home/anish/your_robot_ws/install/wd_lift_robot/share/wd_lift_robot/environment/path.sh
[1.332s] -- Installing: /home/anish/your_robot_ws/install/wd_lift_robot/share/wd_lift_robot/environment/path.dsv
[1.332s] -- Installing: /home/anish/your_robot_ws/install/wd_lift_robot/share/wd_lift_robot/local_setup.bash
[1.332s] -- Installing: /home/anish/your_robot_ws/install/wd_lift_robot/share/wd_lift_robot/local_setup.sh
[1.332s] -- Installing: /home/anish/your_robot_ws/install/wd_lift_robot/share/wd_lift_robot/local_setup.zsh
[1.332s] -- Installing: /home/anish/your_robot_ws/install/wd_lift_robot/share/wd_lift_robot/local_setup.dsv
[1.332s] -- Installing: /home/anish/your_robot_ws/install/wd_lift_robot/share/wd_lift_robot/package.dsv
[1.333s] -- Installing: /home/anish/your_robot_ws/install/wd_lift_robot/share/ament_index/resource_index/packages/wd_lift_robot
[1.333s] -- Installing: /home/anish/your_robot_ws/install/wd_lift_robot/share/wd_lift_robot/cmake/wd_lift_robotConfig.cmake
[1.333s] -- Installing: /home/anish/your_robot_ws/install/wd_lift_robot/share/wd_lift_robot/cmake/wd_lift_robotConfig-version.cmake
[1.333s] -- Installing: /home/anish/your_robot_ws/install/wd_lift_robot/share/wd_lift_robot/package.xml
[1.335s] Invoked command in '/home/anish/your_robot_ws/build/wd_lift_robot' returned '0': CMAKE_PREFIX_PATH=${CMAKE_PREFIX_PATH}:/opt/ros/humble /usr/bin/cmake --install /home/anish/your_robot_ws/build/wd_lift_robot
